{"numTotalTestSuites":2,"numPassedTestSuites":2,"numFailedTestSuites":0,"numPendingTestSuites":0,"numTotalTests":9,"numPassedTests":2,"numFailedTests":7,"numPendingTests":0,"numTodoTests":0,"startTime":1755155449826,"success":false,"testResults":[{"assertionResults":[{"ancestorTitles":["","Order Page"],"fullName":" Order Page renders the page with expected sections","status":"failed","title":"renders the page with expected sections","duration":119,"failureMessages":["Found multiple elements with the text: /Material & Options/i\n\nHere are the matching elements:\n\nIgnored nodes: comments, script, style\n\u001b[36m<span\u001b[39m\n  \u001b[33mclass\u001b[39m=\u001b[32m\"ml-2 text-sm font-medium text-gray-700\"\u001b[39m\n\u001b[36m>\u001b[39m\n  \u001b[0mMaterial & Options\u001b[0m\n\u001b[36m</span>\u001b[39m\n\nIgnored nodes: comments, script, style\n\u001b[36m<h3\u001b[39m\n  \u001b[33maria-label\u001b[39m=\u001b[32m\"Material & Options\"\u001b[39m\n  \u001b[33mclass\u001b[39m=\u001b[32m\"text-lg font-semibold text-gray-900 mb-6\"\u001b[39m\n\u001b[36m>\u001b[39m\n  \u001b[0mMaterial & Options\u001b[0m\n\u001b[36m</h3>\u001b[39m\n\n(If this is intentional, then use the `*AllBy*` variant of the query (like `queryAllByText`, `getAllByText`, or `findAllByText`)).\n\nIgnored nodes: comments, script, style\n\u001b[36m<body>\u001b[39m\n  \u001b[36m<div>\u001b[39m\n    \u001b[36m<div\u001b[39m\n      \u001b[33mclass\u001b[39m=\u001b[32m\"pt-16 min-h-screen bg-gray-50\"\u001b[39m\n    \u001b[36m>\u001b[39m\n      \u001b[36m<div\u001b[39m\n        \u001b[33mclass\u001b[39m=\u001b[32m\"max-w-7xl mx-auto px-4 sm:px-6 lg:px-8 py-12\"\u001b[39m\n      \u001b[36m>\u001b[39m\n        \u001b[36m<div\u001b[39m\n          \u001b[33mclass\u001b[39m=\u001b[32m\"mb-8\"\u001b[39m\n        \u001b[36m>\u001b[39m\n          \u001b[36m<button\u001b[39m\n            \u001b[33mclass\u001b[39m=\u001b[32m\"flex items-center space-x-2 text-gray-600 hover:text-gray-900 transition-colors mb-4\"\u001b[39m\n          \u001b[36m>\u001b[39m\n            \u001b[36m<svg\u001b[39m\n              \u001b[33mclass\u001b[39m=\u001b[32m\"lucide lucide-arrow-left h-4 w-4\"\u001b[39m\n              \u001b[33mfill\u001b[39m=\u001b[32m\"none\"\u001b[39m\n              \u001b[33mheight\u001b[39m=\u001b[32m\"24\"\u001b[39m\n              \u001b[33mstroke\u001b[39m=\u001b[32m\"currentColor\"\u001b[39m\n              \u001b[33mstroke-linecap\u001b[39m=\u001b[32m\"round\"\u001b[39m\n              \u001b[33mstroke-linejoin\u001b[39m=\u001b[32m\"round\"\u001b[39m\n              \u001b[33mstroke-width\u001b[39m=\u001b[32m\"2\"\u001b[39m\n              \u001b[33mviewBox\u001b[39m=\u001b[32m\"0 0 24 24\"\u001b[39m\n              \u001b[33mwidth\u001b[39m=\u001b[32m\"24\"\u001b[39m\n              \u001b[33mxmlns\u001b[39m=\u001b[32m\"http://www.w3.org/2000/svg\"\u001b[39m\n            \u001b[36m>\u001b[39m\n              \u001b[36m<path\u001b[39m\n                \u001b[33md\u001b[39m=\u001b[32m\"m12 19-7-7 7-7\"\u001b[39m\n              \u001b[36m/>\u001b[39m\n              \u001b[36m<path\u001b[39m\n                \u001b[33md\u001b[39m=\u001b[32m\"M19 12H5\"\u001b[39m\n              \u001b[36m/>\u001b[39m\n            \u001b[36m</svg>\u001b[39m\n            \u001b[36m<span>\u001b[39m\n              \u001b[0mBack to \u001b[0m\n              \u001b[0mGenerate\u001b[0m\n            \u001b[36m</span>\u001b[39m\n          \u001b[36m</button>\u001b[39m\n          \u001b[36m<h1\u001b[39m\n            \u001b[33maria-label\u001b[39m=\u001b[32m\"Order Your 3D Print\"\u001b[39m\n            \u001b[33mclass\u001b[39m=\u001b[32m\"text-4xl font-bold text-gray-900 mb-4\"\u001b[39m\n          \u001b[36m>\u001b[39m\n            \u001b[0mOrder Your 3D Print\u001b[0m\n          \u001b[36m</h1>\u001b[39m\n          \u001b[36m<div\u001b[39m\n            \u001b[33mclass\u001b[39m=\u001b[32m\"flex items-center space-x-4 mb-8\"\u001b[39m\n          \u001b[36m>\u001b[39m\n            \u001b[36m<div\u001b[39m\n              \u001b[33mclass\u001b[39m=\u001b[32m\"flex items-center\"\u001b[39m\n            \u001b[36m>\u001b[39m\n              \u001b[36m<div\u001b[39m\n                \u001b[33mclass\u001b[39m=\u001b[32m\"w-8 h-8 rounded-full flex items-center justify-center text-sm font-medium bg-purple-600 text-white\"\u001b[39m\n              \u001b[36m>\u001b[39m\n                \u001b[0m1\u001b[0m\n              \u001b[36m</div>\u001b[39m\n              \u001b[36m<span\u001b[39m\n                \u001b[33mclass\u001b[39m=\u001b[32m\"ml-2 text-sm font-medium text-gray-700\"\u001b[39m\n              \u001b[36m>\u001b[39m\n                \u001b[0mMaterial & Options\u001b[0m\n              \u001b[36m</span>\u001b[39m\n              \u001b[36m<div\u001b[39m\n                \u001b[33mclass\u001b[39m=\u001b[32m\"w-8 h-px bg-gray-300 mx-4\"\u001b[39m\n              \u001b[36m/>\u001b[39m\n            \u001b[36m</div>\u001b[39m\n            \u001b[36m<div\u001b[39m\n              \u001b[33mclass\u001b[39m=\u001b[32m\"flex items-center\"\u001b[39m\n            \u001b[36m>\u001b[39m\n              \u001b[36m<div\u001b[39m\n                \u001b[33mclass\u001b[39m=\u001b[32m\"w-8 h-8 rounded-full flex items-center justify-center text-sm font-medium bg-gray-200 text-gray-600\"\u001b[39m\n              \u001b[36m>\u001b[39m\n                \u001b[0m2\u001b[0m\n              \u001b[36m</div>\u001b[39m\n              \u001b[36m<span\u001b[39m\n                \u001b[33mclass\u001b[39m=\u001b[32m\"ml-2 text-sm font-medium text-gray-700\"\u001b[39m\n              \u001b[36m>\u001b[39m\n                \u001b[0mVendor Selection\u001b[0m\n              \u001b[36m</span>\u001b[39m\n              \u001b[36m<div\u001b[39m\n                \u001b[33mclass\u001b[39m=\u001b[32m\"w-8 h-px bg-gray-300 mx-4\"\u001b[39m\n              \u001b[36m/>\u001b[39m\n            \u001b[36m</div>\u001b[39m\n            \u001b[36m<div\u001b[39m\n              \u001b[33mclass\u001b[39m=\u001b[32m\"flex items-center\"\u001b[39m\n            \u001b[36m>\u001b[39m\n              \u001b[36m<div\u001b[39m\n                \u001b[33mclass\u001b[39m=\u001b[32m\"w-8 h-8 rounded-full flex items-center justify-center text-sm font-medium bg-gray-200 text-gray-600\"\u001b[39m\n              \u001b[36m>\u001b[39m\n                \u001b[0m3\u001b[0m\n              \u001b[36m</div>\u001b[39m\n              \u001b[36m<span\u001b[39m\n                \u001b[33mclass\u001b[39m=\u001b[32m\"ml-2 text-sm font-medium text-gray-700\"\u001b[39m\n              \u001b[36m>\u001b[39m\n                \u001b[0mShipping Info\u001b[0m\n              \u001b[36m</span>\u001b[39m\n              \u001b[36m<div\u001b[39m\n                \u001b[33mclass\u001b[39m=\u001b[32m\"w-8 h-px bg-gray-300 mx-4\"\u001b[39m\n              \u001b[36m/>\u001b[39m\n            \u001b[36m</div>\u001b[39m\n            \u001b[36m<div\u001b[39m\n              \u001b[33mclass\u001b[39m=\u001b[32m\"flex items-center\"\u001b[39m\n            \u001b[36m>\u001b[39m\n              \u001b[36m<div\u001b[39m\n                \u001b[33mclass\u001b[39m=\u001b[32m\"w-8 h-8 rounded-full flex items-center justify-center text-sm font-medium bg-gray-200 text-gray-600\"\u001b[39m\n              \u001b[36m>\u001b[39m\n                \u001b[0m4\u001b[0m\n              \u001b[36m</div>\u001b[39m\n              \u001b[36m<span\u001b[39m\n                \u001b[33mclass\u001b[39m=\u001b[32m\"ml-2 text-sm font-medium text-gray-700\"\u001b[39m\n              \u001b[36m>\u001b[39m\n                \u001b[0mPayment\u001b[0m\n              \u001b[36m</span>\u001b[39m\n            \u001b[36m</div>\u001b[39m\n          \u001b[36m</div>\u001b[39m\n        \u001b[36m</div>\u001b[39m\n        \u001b[36m<div\u001b[39m\n          \u001b[33mclass\u001b[39m=\u001b[32m\"grid grid-cols-1 lg:grid-cols-3 gap-8\"\u001b[39m\n        \u001b[36m>\u001b[39m\n          \u001b[36m<div\u001b[39m\n            \u001b[33mclass\u001b[39m=\u001b[32m\"lg:col-span-2\"\u001b[39m\n          \u001b[36m>\u001b[39m\n            \u001b[36m<div\u001b[39m\n              \u001b[33mclass\u001b[39m=\u001b[32m\"bg-white rounded-xl shadow-sm border border-gray-200  p-6\"\u001b[39m\n            \u001b[36m>\u001b[39m\n              \u001b[36m<h3\u001b[39m\n                \u001b[33maria-label\u001b[39m=\u001b[32m\"Material & Options\"\u001b[39m\n                \u001b[33mclass\u001b[39m=\u001b[32m\"text-lg font-semibold text-gray-900 mb-6\"\u001b[39m\n              \u001b[36m>\u001b[39m\n                \u001b[0mMaterial & Options\u001b[0m\n              \u001b[36m</h3>\u001b[39m\n              \u001b[36m<div\u001b[39m\n                \u001b[33mclass\u001b[39m=\u001b[32m\"space-y-6\"\u001b[39m\n              \u001b[36m>\u001b[39m\n                \u001b[36m<div>\u001b[39m\n                  \u001b[36m<label\u001b[39m\n                    \u001b[33maria-label\u001b[39m=\u001b[32m\"Select Material\"\u001b[39m\n                    \u001b[33mclass\u001b[39m=\u001b[32m\"block text-sm font-medium text-gray-700 mb-3\"\u001b[39m\n                  \u001b[36m>\u001b[39m\n                    \u001b[0mSelect Material\u001b[0m\n                  \u001b[36m</label>\u001b[39m\n                  \u001b[36m<div\u001b[39m\n                    \u001b[33mclass\u001b[39m=\u001b[32m\"grid grid-cols-1 md:grid-cols-2 gap-4\"\u001b[39m\n                  \u001b[36m>\u001b[39m\n                    \u001b[36m<div\u001b[39m\n                      \u001b[33mclass\u001b[39m=\u001b[32m\"p-4 border-2 rounded-lg cursor-pointer transition-all border-purple-500 bg-purple-50\"\u001b[39m\n                    \u001b[36m>\u001b[39m\n                      \u001b[36m<div\u001b[39m\n                        \u001b[33mclass\u001b[39m=\u001b[32m\"flex justify-between items-start mb-2\"\u001b[39m\n                      \u001b[36m>\u001b[39m\n                        \u001b[36m<h4\u001b[39m\n                          \u001b[33mclass\u001b[39m=\u001b[32m\"font-medium text-gray-900\"\u001b[39m\n                        \u001b[36m>\u001b[39m\n                          \u001b[0mPLA Plastic\u001b[0m\n                        \u001b[36m</h4>\u001b[39m\n                        \u001b[36m<span\u001b[39m\n                          \u001b[33mclass\u001b[39m=\u001b[32m\"text-lg font-bold text-purple-600\"\u001b[39m\n                        \u001b[36m>\u001b[39m\n                          \u001b[0m$\u001b[0m\n                          \u001b[0m24.99\u001b[0m\n                        \u001b[36m</span>\u001b[39m\n                      \u001b[36m</div>\u001b[39m\n                      \u001b[36m<p\u001b[39m\n                        \u001b[33mclass\u001b[39m=\u001b[32m..."],"location":{"line":37,"column":19}},{"ancestorTitles":["","Order Page"],"fullName":" Order Page shows STL file status when stlUrl is provided","status":"failed","title":"shows STL file status when stlUrl is provided","duration":28,"failureMessages":["Unable to find an element with the text: /STL File Ready: Auto-populated from generation/i. This could be because the text is broken up by multiple elements. In this case, you can provide a function for your text matcher to make your matcher more flexible.\n\nIgnored nodes: comments, script, style\n\u001b[36m<body>\u001b[39m\n  \u001b[36m<div>\u001b[39m\n    \u001b[36m<div\u001b[39m\n      \u001b[33mclass\u001b[39m=\u001b[32m\"pt-16 min-h-screen bg-gray-50\"\u001b[39m\n    \u001b[36m>\u001b[39m\n      \u001b[36m<div\u001b[39m\n        \u001b[33mclass\u001b[39m=\u001b[32m\"max-w-7xl mx-auto px-4 sm:px-6 lg:px-8 py-12\"\u001b[39m\n      \u001b[36m>\u001b[39m\n        \u001b[36m<div\u001b[39m\n          \u001b[33mclass\u001b[39m=\u001b[32m\"mb-8\"\u001b[39m\n        \u001b[36m>\u001b[39m\n          \u001b[36m<button\u001b[39m\n            \u001b[33mclass\u001b[39m=\u001b[32m\"flex items-center space-x-2 text-gray-600 hover:text-gray-900 transition-colors mb-4\"\u001b[39m\n          \u001b[36m>\u001b[39m\n            \u001b[36m<svg\u001b[39m\n              \u001b[33mclass\u001b[39m=\u001b[32m\"lucide lucide-arrow-left h-4 w-4\"\u001b[39m\n              \u001b[33mfill\u001b[39m=\u001b[32m\"none\"\u001b[39m\n              \u001b[33mheight\u001b[39m=\u001b[32m\"24\"\u001b[39m\n              \u001b[33mstroke\u001b[39m=\u001b[32m\"currentColor\"\u001b[39m\n              \u001b[33mstroke-linecap\u001b[39m=\u001b[32m\"round\"\u001b[39m\n              \u001b[33mstroke-linejoin\u001b[39m=\u001b[32m\"round\"\u001b[39m\n              \u001b[33mstroke-width\u001b[39m=\u001b[32m\"2\"\u001b[39m\n              \u001b[33mviewBox\u001b[39m=\u001b[32m\"0 0 24 24\"\u001b[39m\n              \u001b[33mwidth\u001b[39m=\u001b[32m\"24\"\u001b[39m\n              \u001b[33mxmlns\u001b[39m=\u001b[32m\"http://www.w3.org/2000/svg\"\u001b[39m\n            \u001b[36m>\u001b[39m\n              \u001b[36m<path\u001b[39m\n                \u001b[33md\u001b[39m=\u001b[32m\"m12 19-7-7 7-7\"\u001b[39m\n              \u001b[36m/>\u001b[39m\n              \u001b[36m<path\u001b[39m\n                \u001b[33md\u001b[39m=\u001b[32m\"M19 12H5\"\u001b[39m\n              \u001b[36m/>\u001b[39m\n            \u001b[36m</svg>\u001b[39m\n            \u001b[36m<span>\u001b[39m\n              \u001b[0mBack to \u001b[0m\n              \u001b[0mGenerate\u001b[0m\n            \u001b[36m</span>\u001b[39m\n          \u001b[36m</button>\u001b[39m\n          \u001b[36m<h1\u001b[39m\n            \u001b[33maria-label\u001b[39m=\u001b[32m\"Order Your 3D Print\"\u001b[39m\n            \u001b[33mclass\u001b[39m=\u001b[32m\"text-4xl font-bold text-gray-900 mb-4\"\u001b[39m\n          \u001b[36m>\u001b[39m\n            \u001b[0mOrder Your 3D Print\u001b[0m\n          \u001b[36m</h1>\u001b[39m\n          \u001b[36m<div\u001b[39m\n            \u001b[33mclass\u001b[39m=\u001b[32m\"flex items-center space-x-4 mb-8\"\u001b[39m\n          \u001b[36m>\u001b[39m\n            \u001b[36m<div\u001b[39m\n              \u001b[33mclass\u001b[39m=\u001b[32m\"flex items-center\"\u001b[39m\n            \u001b[36m>\u001b[39m\n              \u001b[36m<div\u001b[39m\n                \u001b[33mclass\u001b[39m=\u001b[32m\"w-8 h-8 rounded-full flex items-center justify-center text-sm font-medium bg-purple-600 text-white\"\u001b[39m\n              \u001b[36m>\u001b[39m\n                \u001b[0m1\u001b[0m\n              \u001b[36m</div>\u001b[39m\n              \u001b[36m<span\u001b[39m\n                \u001b[33mclass\u001b[39m=\u001b[32m\"ml-2 text-sm font-medium text-gray-700\"\u001b[39m\n              \u001b[36m>\u001b[39m\n                \u001b[0mMaterial & Options\u001b[0m\n              \u001b[36m</span>\u001b[39m\n              \u001b[36m<div\u001b[39m\n                \u001b[33mclass\u001b[39m=\u001b[32m\"w-8 h-px bg-gray-300 mx-4\"\u001b[39m\n              \u001b[36m/>\u001b[39m\n            \u001b[36m</div>\u001b[39m\n            \u001b[36m<div\u001b[39m\n              \u001b[33mclass\u001b[39m=\u001b[32m\"flex items-center\"\u001b[39m\n            \u001b[36m>\u001b[39m\n              \u001b[36m<div\u001b[39m\n                \u001b[33mclass\u001b[39m=\u001b[32m\"w-8 h-8 rounded-full flex items-center justify-center text-sm font-medium bg-gray-200 text-gray-600\"\u001b[39m\n              \u001b[36m>\u001b[39m\n                \u001b[0m2\u001b[0m\n              \u001b[36m</div>\u001b[39m\n              \u001b[36m<span\u001b[39m\n                \u001b[33mclass\u001b[39m=\u001b[32m\"ml-2 text-sm font-medium text-gray-700\"\u001b[39m\n              \u001b[36m>\u001b[39m\n                \u001b[0mVendor Selection\u001b[0m\n              \u001b[36m</span>\u001b[39m\n              \u001b[36m<div\u001b[39m\n                \u001b[33mclass\u001b[39m=\u001b[32m\"w-8 h-px bg-gray-300 mx-4\"\u001b[39m\n              \u001b[36m/>\u001b[39m\n            \u001b[36m</div>\u001b[39m\n            \u001b[36m<div\u001b[39m\n              \u001b[33mclass\u001b[39m=\u001b[32m\"flex items-center\"\u001b[39m\n            \u001b[36m>\u001b[39m\n              \u001b[36m<div\u001b[39m\n                \u001b[33mclass\u001b[39m=\u001b[32m\"w-8 h-8 rounded-full flex items-center justify-center text-sm font-medium bg-gray-200 text-gray-600\"\u001b[39m\n              \u001b[36m>\u001b[39m\n                \u001b[0m3\u001b[0m\n              \u001b[36m</div>\u001b[39m\n              \u001b[36m<span\u001b[39m\n                \u001b[33mclass\u001b[39m=\u001b[32m\"ml-2 text-sm font-medium text-gray-700\"\u001b[39m\n              \u001b[36m>\u001b[39m\n                \u001b[0mShipping Info\u001b[0m\n              \u001b[36m</span>\u001b[39m\n              \u001b[36m<div\u001b[39m\n                \u001b[33mclass\u001b[39m=\u001b[32m\"w-8 h-px bg-gray-300 mx-4\"\u001b[39m\n              \u001b[36m/>\u001b[39m\n            \u001b[36m</div>\u001b[39m\n            \u001b[36m<div\u001b[39m\n              \u001b[33mclass\u001b[39m=\u001b[32m\"flex items-center\"\u001b[39m\n            \u001b[36m>\u001b[39m\n              \u001b[36m<div\u001b[39m\n                \u001b[33mclass\u001b[39m=\u001b[32m\"w-8 h-8 rounded-full flex items-center justify-center text-sm font-medium bg-gray-200 text-gray-600\"\u001b[39m\n              \u001b[36m>\u001b[39m\n                \u001b[0m4\u001b[0m\n              \u001b[36m</div>\u001b[39m\n              \u001b[36m<span\u001b[39m\n                \u001b[33mclass\u001b[39m=\u001b[32m\"ml-2 text-sm font-medium text-gray-700\"\u001b[39m\n              \u001b[36m>\u001b[39m\n                \u001b[0mPayment\u001b[0m\n              \u001b[36m</span>\u001b[39m\n            \u001b[36m</div>\u001b[39m\n          \u001b[36m</div>\u001b[39m\n        \u001b[36m</div>\u001b[39m\n        \u001b[36m<div\u001b[39m\n          \u001b[33mclass\u001b[39m=\u001b[32m\"grid grid-cols-1 lg:grid-cols-3 gap-8\"\u001b[39m\n        \u001b[36m>\u001b[39m\n          \u001b[36m<div\u001b[39m\n            \u001b[33mclass\u001b[39m=\u001b[32m\"lg:col-span-2\"\u001b[39m\n          \u001b[36m>\u001b[39m\n            \u001b[36m<div\u001b[39m\n              \u001b[33mclass\u001b[39m=\u001b[32m\"bg-white rounded-xl shadow-sm border border-gray-200  p-6\"\u001b[39m\n            \u001b[36m>\u001b[39m\n              \u001b[36m<h3\u001b[39m\n                \u001b[33maria-label\u001b[39m=\u001b[32m\"Material & Options\"\u001b[39m\n                \u001b[33mclass\u001b[39m=\u001b[32m\"text-lg font-semibold text-gray-900 mb-6\"\u001b[39m\n              \u001b[36m>\u001b[39m\n                \u001b[0mMaterial & Options\u001b[0m\n              \u001b[36m</h3>\u001b[39m\n              \u001b[36m<div\u001b[39m\n                \u001b[33mclass\u001b[39m=\u001b[32m\"space-y-6\"\u001b[39m\n              \u001b[36m>\u001b[39m\n                \u001b[36m<div>\u001b[39m\n                  \u001b[36m<label\u001b[39m\n                    \u001b[33maria-label\u001b[39m=\u001b[32m\"Select Material\"\u001b[39m\n                    \u001b[33mclass\u001b[39m=\u001b[32m\"block text-sm font-medium text-gray-700 mb-3\"\u001b[39m\n                  \u001b[36m>\u001b[39m\n                    \u001b[0mSelect Material\u001b[0m\n                  \u001b[36m</label>\u001b[39m\n                  \u001b[36m<div\u001b[39m\n                    \u001b[33mclass\u001b[39m=\u001b[32m\"grid grid-cols-1 md:grid-cols-2 gap-4\"\u001b[39m\n                  \u001b[36m>\u001b[39m\n                    \u001b[36m<div\u001b[39m\n                      \u001b[33mclass\u001b[39m=\u001b[32m\"p-4 border-2 rounded-lg cursor-pointer transition-all border-purple-500 bg-purple-50\"\u001b[39m\n                    \u001b[36m>\u001b[39m\n                      \u001b[36m<div\u001b[39m\n                        \u001b[33mclass\u001b[39m=\u001b[32m\"flex justify-between items-start mb-2\"\u001b[39m\n                      \u001b[36m>\u001b[39m\n                        \u001b[36m<h4\u001b[39m\n                          \u001b[33mclass\u001b[39m=\u001b[32m\"font-medium text-gray-900\"\u001b[39m\n                        \u001b[36m>\u001b[39m\n                          \u001b[0mPLA Plastic\u001b[0m\n                        \u001b[36m</h4>\u001b[39m\n                        \u001b[36m<span\u001b[39m\n                          \u001b[33mclass\u001b[39m=\u001b[32m\"text-lg font-bold text-purple-600\"\u001b[39m\n                        \u001b[36m>\u001b[39m\n                          \u001b[0m$\u001b[0m\n                          \u001b[0m24.99\u001b[0m\n                        \u001b[36m</span>\u001b[39m\n                      \u001b[36m</div>\u001b[39m\n                      \u001b[36m<p\u001b[39m\n                        \u001b[33mclass\u001b[39m=\u001b[32m..."],"location":{"line":37,"column":19}},{"ancestorTitles":["","Order Page"],"fullName":" Order Page handles material selection","status":"failed","title":"handles material selection","duration":82,"failureMessages":["Unable to find an element with the text: /\\$29\\.50/i. This could be because the text is broken up by multiple elements. In this case, you can provide a function for your text matcher to make your matcher more flexible.\n\nIgnored nodes: comments, script, style\n\u001b[36m<body>\u001b[39m\n  \u001b[36m<div>\u001b[39m\n    \u001b[36m<div\u001b[39m\n      \u001b[33mclass\u001b[39m=\u001b[32m\"pt-16 min-h-screen bg-gray-50\"\u001b[39m\n    \u001b[36m>\u001b[39m\n      \u001b[36m<div\u001b[39m\n        \u001b[33mclass\u001b[39m=\u001b[32m\"max-w-7xl mx-auto px-4 sm:px-6 lg:px-8 py-12\"\u001b[39m\n      \u001b[36m>\u001b[39m\n        \u001b[36m<div\u001b[39m\n          \u001b[33mclass\u001b[39m=\u001b[32m\"mb-8\"\u001b[39m\n        \u001b[36m>\u001b[39m\n          \u001b[36m<button\u001b[39m\n            \u001b[33mclass\u001b[39m=\u001b[32m\"flex items-center space-x-2 text-gray-600 hover:text-gray-900 transition-colors mb-4\"\u001b[39m\n          \u001b[36m>\u001b[39m\n            \u001b[36m<svg\u001b[39m\n              \u001b[33mclass\u001b[39m=\u001b[32m\"lucide lucide-arrow-left h-4 w-4\"\u001b[39m\n              \u001b[33mfill\u001b[39m=\u001b[32m\"none\"\u001b[39m\n              \u001b[33mheight\u001b[39m=\u001b[32m\"24\"\u001b[39m\n              \u001b[33mstroke\u001b[39m=\u001b[32m\"currentColor\"\u001b[39m\n              \u001b[33mstroke-linecap\u001b[39m=\u001b[32m\"round\"\u001b[39m\n              \u001b[33mstroke-linejoin\u001b[39m=\u001b[32m\"round\"\u001b[39m\n              \u001b[33mstroke-width\u001b[39m=\u001b[32m\"2\"\u001b[39m\n              \u001b[33mviewBox\u001b[39m=\u001b[32m\"0 0 24 24\"\u001b[39m\n              \u001b[33mwidth\u001b[39m=\u001b[32m\"24\"\u001b[39m\n              \u001b[33mxmlns\u001b[39m=\u001b[32m\"http://www.w3.org/2000/svg\"\u001b[39m\n            \u001b[36m>\u001b[39m\n              \u001b[36m<path\u001b[39m\n                \u001b[33md\u001b[39m=\u001b[32m\"m12 19-7-7 7-7\"\u001b[39m\n              \u001b[36m/>\u001b[39m\n              \u001b[36m<path\u001b[39m\n                \u001b[33md\u001b[39m=\u001b[32m\"M19 12H5\"\u001b[39m\n              \u001b[36m/>\u001b[39m\n            \u001b[36m</svg>\u001b[39m\n            \u001b[36m<span>\u001b[39m\n              \u001b[0mBack to \u001b[0m\n              \u001b[0mGenerate\u001b[0m\n            \u001b[36m</span>\u001b[39m\n          \u001b[36m</button>\u001b[39m\n          \u001b[36m<h1\u001b[39m\n            \u001b[33maria-label\u001b[39m=\u001b[32m\"Order Your 3D Print\"\u001b[39m\n            \u001b[33mclass\u001b[39m=\u001b[32m\"text-4xl font-bold text-gray-900 mb-4\"\u001b[39m\n          \u001b[36m>\u001b[39m\n            \u001b[0mOrder Your 3D Print\u001b[0m\n          \u001b[36m</h1>\u001b[39m\n          \u001b[36m<div\u001b[39m\n            \u001b[33mclass\u001b[39m=\u001b[32m\"flex items-center space-x-4 mb-8\"\u001b[39m\n          \u001b[36m>\u001b[39m\n            \u001b[36m<div\u001b[39m\n              \u001b[33mclass\u001b[39m=\u001b[32m\"flex items-center\"\u001b[39m\n            \u001b[36m>\u001b[39m\n              \u001b[36m<div\u001b[39m\n                \u001b[33mclass\u001b[39m=\u001b[32m\"w-8 h-8 rounded-full flex items-center justify-center text-sm font-medium bg-purple-600 text-white\"\u001b[39m\n              \u001b[36m>\u001b[39m\n                \u001b[0m1\u001b[0m\n              \u001b[36m</div>\u001b[39m\n              \u001b[36m<span\u001b[39m\n                \u001b[33mclass\u001b[39m=\u001b[32m\"ml-2 text-sm font-medium text-gray-700\"\u001b[39m\n              \u001b[36m>\u001b[39m\n                \u001b[0mMaterial & Options\u001b[0m\n              \u001b[36m</span>\u001b[39m\n              \u001b[36m<div\u001b[39m\n                \u001b[33mclass\u001b[39m=\u001b[32m\"w-8 h-px bg-gray-300 mx-4\"\u001b[39m\n              \u001b[36m/>\u001b[39m\n            \u001b[36m</div>\u001b[39m\n            \u001b[36m<div\u001b[39m\n              \u001b[33mclass\u001b[39m=\u001b[32m\"flex items-center\"\u001b[39m\n            \u001b[36m>\u001b[39m\n              \u001b[36m<div\u001b[39m\n                \u001b[33mclass\u001b[39m=\u001b[32m\"w-8 h-8 rounded-full flex items-center justify-center text-sm font-medium bg-gray-200 text-gray-600\"\u001b[39m\n              \u001b[36m>\u001b[39m\n                \u001b[0m2\u001b[0m\n              \u001b[36m</div>\u001b[39m\n              \u001b[36m<span\u001b[39m\n                \u001b[33mclass\u001b[39m=\u001b[32m\"ml-2 text-sm font-medium text-gray-700\"\u001b[39m\n              \u001b[36m>\u001b[39m\n                \u001b[0mVendor Selection\u001b[0m\n              \u001b[36m</span>\u001b[39m\n              \u001b[36m<div\u001b[39m\n                \u001b[33mclass\u001b[39m=\u001b[32m\"w-8 h-px bg-gray-300 mx-4\"\u001b[39m\n              \u001b[36m/>\u001b[39m\n            \u001b[36m</div>\u001b[39m\n            \u001b[36m<div\u001b[39m\n              \u001b[33mclass\u001b[39m=\u001b[32m\"flex items-center\"\u001b[39m\n            \u001b[36m>\u001b[39m\n              \u001b[36m<div\u001b[39m\n                \u001b[33mclass\u001b[39m=\u001b[32m\"w-8 h-8 rounded-full flex items-center justify-center text-sm font-medium bg-gray-200 text-gray-600\"\u001b[39m\n              \u001b[36m>\u001b[39m\n                \u001b[0m3\u001b[0m\n              \u001b[36m</div>\u001b[39m\n              \u001b[36m<span\u001b[39m\n                \u001b[33mclass\u001b[39m=\u001b[32m\"ml-2 text-sm font-medium text-gray-700\"\u001b[39m\n              \u001b[36m>\u001b[39m\n                \u001b[0mShipping Info\u001b[0m\n              \u001b[36m</span>\u001b[39m\n              \u001b[36m<div\u001b[39m\n                \u001b[33mclass\u001b[39m=\u001b[32m\"w-8 h-px bg-gray-300 mx-4\"\u001b[39m\n              \u001b[36m/>\u001b[39m\n            \u001b[36m</div>\u001b[39m\n            \u001b[36m<div\u001b[39m\n              \u001b[33mclass\u001b[39m=\u001b[32m\"flex items-center\"\u001b[39m\n            \u001b[36m>\u001b[39m\n              \u001b[36m<div\u001b[39m\n                \u001b[33mclass\u001b[39m=\u001b[32m\"w-8 h-8 rounded-full flex items-center justify-center text-sm font-medium bg-gray-200 text-gray-600\"\u001b[39m\n              \u001b[36m>\u001b[39m\n                \u001b[0m4\u001b[0m\n              \u001b[36m</div>\u001b[39m\n              \u001b[36m<span\u001b[39m\n                \u001b[33mclass\u001b[39m=\u001b[32m\"ml-2 text-sm font-medium text-gray-700\"\u001b[39m\n              \u001b[36m>\u001b[39m\n                \u001b[0mPayment\u001b[0m\n              \u001b[36m</span>\u001b[39m\n            \u001b[36m</div>\u001b[39m\n          \u001b[36m</div>\u001b[39m\n        \u001b[36m</div>\u001b[39m\n        \u001b[36m<div\u001b[39m\n          \u001b[33mclass\u001b[39m=\u001b[32m\"grid grid-cols-1 lg:grid-cols-3 gap-8\"\u001b[39m\n        \u001b[36m>\u001b[39m\n          \u001b[36m<div\u001b[39m\n            \u001b[33mclass\u001b[39m=\u001b[32m\"lg:col-span-2\"\u001b[39m\n          \u001b[36m>\u001b[39m\n            \u001b[36m<div\u001b[39m\n              \u001b[33mclass\u001b[39m=\u001b[32m\"bg-white rounded-xl shadow-sm border border-gray-200  p-6\"\u001b[39m\n            \u001b[36m>\u001b[39m\n              \u001b[36m<h3\u001b[39m\n                \u001b[33maria-label\u001b[39m=\u001b[32m\"Material & Options\"\u001b[39m\n                \u001b[33mclass\u001b[39m=\u001b[32m\"text-lg font-semibold text-gray-900 mb-6\"\u001b[39m\n              \u001b[36m>\u001b[39m\n                \u001b[0mMaterial & Options\u001b[0m\n              \u001b[36m</h3>\u001b[39m\n              \u001b[36m<div\u001b[39m\n                \u001b[33mclass\u001b[39m=\u001b[32m\"space-y-6\"\u001b[39m\n              \u001b[36m>\u001b[39m\n                \u001b[36m<div>\u001b[39m\n                  \u001b[36m<label\u001b[39m\n                    \u001b[33maria-label\u001b[39m=\u001b[32m\"Select Material\"\u001b[39m\n                    \u001b[33mclass\u001b[39m=\u001b[32m\"block text-sm font-medium text-gray-700 mb-3\"\u001b[39m\n                  \u001b[36m>\u001b[39m\n                    \u001b[0mSelect Material\u001b[0m\n                  \u001b[36m</label>\u001b[39m\n                  \u001b[36m<div\u001b[39m\n                    \u001b[33mclass\u001b[39m=\u001b[32m\"grid grid-cols-1 md:grid-cols-2 gap-4\"\u001b[39m\n                  \u001b[36m>\u001b[39m\n                    \u001b[36m<div\u001b[39m\n                      \u001b[33mclass\u001b[39m=\u001b[32m\"p-4 border-2 rounded-lg cursor-pointer transition-all border-gray-200 hover:border-gray-300\"\u001b[39m\n                    \u001b[36m>\u001b[39m\n                      \u001b[36m<div\u001b[39m\n                        \u001b[33mclass\u001b[39m=\u001b[32m\"flex justify-between items-start mb-2\"\u001b[39m\n                      \u001b[36m>\u001b[39m\n                        \u001b[36m<h4\u001b[39m\n                          \u001b[33mclass\u001b[39m=\u001b[32m\"font-medium text-gray-900\"\u001b[39m\n                        \u001b[36m>\u001b[39m\n                          \u001b[0mPLA Plastic\u001b[0m\n                        \u001b[36m</h4>\u001b[39m\n                        \u001b[36m<span\u001b[39m\n                          \u001b[33mclass\u001b[39m=\u001b[32m\"text-lg font-bold text-purple-600\"\u001b[39m\n                        \u001b[36m>\u001b[39m\n                          \u001b[0m$\u001b[0m\n                          \u001b[0m24.99\u001b[0m\n                        \u001b[36m</span>\u001b[39m\n                      \u001b[36m</div>\u001b[39m\n                      \u001b[36m<p\u001b[39m\n                        \u001b[33mclass\u001b[39m=\u001b[32m\"text-sm text-gray-600\"\u001b[39m\n                      \u001b[36m>\u001b[39m\n                        \u001b[0mBiodegradable, easy to print, good for prototypes\u001b[0m\n                      \u001b[36m</p>\u001b[39m\n                    \u001b[36m</div>\u001b[39m\n                    \u001b[36m<div\u001b[39m\n                      \u001b[33mclass\u001b[39m=\u001b[32m\"p-4 border-2 rounded-lg cursor-pointer transition-all border-purple-500 bg-purple-50\"\u001b[39m\n                    \u001b[36m>\u001b[39m\n                      \u001b[36m<div\u001b[39m\n                        \u001b[33mclass\u001b[39m=\u001b[32m\"flex justify-between items-start mb-2\"\u001b[39m\n                      \u001b[36m>\u001b[39m\n                        \u001b[36m<h4\u001b[39m\n                          \u001b[33mclass\u001b[39m=\u001b[32m\"font-medium text-gray-900\"\u001b[39m\n                        \u001b[36m>\u001b[39m\n                          \u001b[0mABS Plastic\u001b[0m\n                        \u001b[36m</h4>\u001b[39m\n                        \u001b[36m<span\u001b[39m\n                          \u001b[33mclass\u001b[39m=\u001b[32m\"text-lg font-bold text-purple-600\"\u001b[39m\n                        \u001b[36m>\u001b[39m\n                          \u001b[0m$\u001b[0m\n                          \u001b[0m29.5\u001b[0m\n                        \u001b[36m</span>\u001b[39m\n                      \u001b[36m</div>\u001b[39m\n                      \u001b[36m<p\u001b[39m\n                        \u001b[33mclass\u001b[39m=\u001b[32m\"text-sm text-gray-600\"\u001b[39m\n                      \u001b[36m>\u001b[39m\n                        \u001b[0mDurable, impact resistant, good for functional parts\u001b[0m\n                      \u001b[36m</p>\u001b[39m\n                    \u001b[36m</div>\u001b[39m\n                    \u001b[36m<div\u001b[39m\n                      \u001b[33mclass\u001b[39m=\u001b[32m\"p-4 border-2 rounded-lg cursor-pointer transition-all border-gray-200 hover:border-gray-300\"\u001b[39m\n                    \u001b[36m>\u001b[39m\n                      \u001b[36m<div\u001b[39m\n                        \u001b[33mclass\u001b[39m=\u001b[32m\"flex justify-between items-start mb-2\"\u001b[39m\n                      \u001b[36m>\u001b[39m\n                        \u001b[36m<h4\u001b[39m\n                          \u001b[33mclass\u001b[39m=\u001b[32m\"font-medium text-gray-900\"\u001b[39m\n                        \u001b[36m>\u001b[39m\n                          \u001b[0mPETG\u001b[0m\n                        \u001b[36m</h4>\u001b[39m\n                        \u001b[36m<span\u001b[39m\n                          \u001b[33mclass\u001b[39m=\u001b[32m\"text-lg font-bold text-purple-600\"\u001b[39m\n                        \u001b[36m>\u001b[39m\n                          \u001b[0m$\u001b[0m\n                          \u001b[0m34.75\u001b[0m\n                        \u001b[36m</span>\u001b[39m\n                      \u001b[36m</div>\u001b[39m\n                      \u001b[36m<p\u001b[39m\n                        \u001b[33mclass\u001b[39m=\u001b[32m\"text-sm text-gray-600\"\u001b[39m\n                      \u001b[36m>\u001b[39m\n                        \u001b[0mChemical resistant, food safe, crystal clear\u001b[0m\n                      \u001b[36m</p>\u001b[39m\n                    \u001b[36m</div>\u001b[39m\n                    \u001b[36m<div\u001b[39m\n                      \u001b[33mclass\u001b[39m=\u001b[32m\"p-4 border-2 rounded-lg cursor-pointer transition-all border-gray-200 hover:border-gray-300\"\u001b[39m\n                    \u001b[36m>\u001b[39m\n                      \u001b[36m<div\u001b[39m\n                        \u001b[33mclass\u001b[39m=\u001b[32m\"flex justify-between items-start mb-2\"\u001b[39m\n                      \u001b[36m>\u001b[39m\n                        \u001b[36m<h4\u001b[39m\n                          \u001b[33mclass\u001b[39m=\u001b[32m\"font-medium text-gray-900\"\u001b[39m\n                        \u001b[36m>\u001b[39m\n                          \u001b[0mTPU (Flexible)\u001b[0m\n                        \u001b[36m</h4>\u001b[39m\n                        \u001b[36m<span\u001b[39m\n                          \u001b[33mclass\u001b[39m=\u001b[32m\"text-lg font-bold text-purple-600\"\u001b[39m\n                        \u001b[36m>\u001b[39m\n                          \u001b[0m$\u001b[0m\n                          \u001b[0m39.99\u001b[0m\n                        \u001b[36m</span>\u001b[39m\n                      \u001b[36m</div>\u001b[39m\n                      \u001b[36m<p\u001b[39m\n                        \u001b[33mclass\u001b[39m=\u001b[32m\"text-sm text-gray-600\"\u001b[39m\n                      \u001b[36m>\u001b[39m\n                        \u001b[0mFlexible, rubber-like, good for phone cases\u001b[0m\n                      \u001b[36m</p>\u001b[39m\n                    \u001b[36m</div>\u001b[39m\n                  \u001b[36m</div>\u001b[39m\n                \u001b[36m</div>\u001b[39m\n                \u001b[36m<div>\u001b[39m\n                  \u001b[36m<label\u001b[39m\n                    \u001b[33maria-label\u001b[39m=\u001b[32m\"Select Color\"\u001b[39m\n                    \u001b[33mclass\u001b[39m=\u001b[32m\"block text-sm font-medium text-gray-700 mb-3\"\u001b[39m\n                  \u001b[36m>\u001b[39m\n                    \u001b[0mSelect Color\u001b[0m\n                  \u001b[36m</label>\u001b[39m\n                  \u001b[36m<div\u001b[39m\n                    \u001b[33mclass\u001b[39m=\u001b[32m\"grid grid-cols-4 md:grid-cols-8 gap-3\"\u001b[39m\n                  \u001b[36m>\u001b[39m\n                    \u001b[36m<button\u001b[39m\n                      \u001b[33mclass\u001b[39m=\u001b[32m\"w-12 h-12 rounded-lg border-2 transition-all border-purple-500 ring-2 ring-purple-200\"\u001b[39m\n                      \u001b[33mstyle\u001b[39m=\u001b[32m\"background-color: #f3f4f6;\"\u001b[39m\n                      \u001b[33mtitle\u001b[39m=\u001b[32m\"White\"\u001b[39m\n                    \u001b[36m/>\u001b[39m\n                    \u001b[36m<button\u001b[39m\n                      \u001b[33mclass\u001b[39m=\u001b[32m\"w-12 h-12 rounded-lg border-2 transition-all border-gray-300 hover:border-gray-400\"\u001b[39m\n                      \u001b[33mstyle\u001b[39m=\u001b[32m\"background-color: #1f2937;\"\u001b[39m\n                      \u001b[33mtitle\u001b[39m=\u001b[32m\"Black\"\u001b[39m\n                    \u001b[36m/>\u001b[39m\n                    \u001b[36m<button\u001b[39m\n                      \u001b[33mclass\u001b[39m=\u001b[32m\"w-12 h-12 rounded-lg border-2 transition-all border-gray-300 hover:border-gray-400\"\u001b[39m\n                      \u001b[33mstyle\u001b[39m=\u001b[32m\"background-color: #ef4444;\"\u001b[39m\n                      \u001b[33mtitle\u001b[39m=\u001b[32m\"Red\"\u001b[39m\n                    \u001b[36m/>\u001b[39m\n                    \u001b[36m<button\u001b[39m\n                      \u001b[33mclass\u001b[39m=\u001b[32m\"w-12 h-12 rounded-lg border-2 transition-all border-gray-300 hover:border-gray-400\"\u001b[39m\n                      \u001b[33mstyle\u001b[39m=\u001b[32m\"background-color: #3b82f6;\"\u001b[39m\n                      \u001b[33mtitle\u001b[39m=\u001b[32m\"Blue\"\u001b[39m\n                    \u001b[36m/>\u001b[39m\n                    \u001b[36m<button\u001b[39m\n                      \u001b[33mclass\u001b[39m=\u001b[32m\"w-12 h-12 rounded-lg border-2 transition-all border-gray-300 hover:border-gray-400\"\u001b[39m\n                      \u001b[33mstyle\u001b[39m=\u001b[32m\"background-color: #10b981;\"\u001b[39m\n                      \u001b[33mtitle\u001b[39m=\u001b[32m\"Green\"\u001b[39m\n                    \u001b[36m/>\u001b[39m\n                    \u001b[36m<button\u001b[39m\n                      \u001b[33mclass\u001b[39m=\u001b[32m\"w-12 h-12 rounded-lg border-2 transition-all border-gray-300 hover:border-gray-400\"\u001b[39m\n                      \u001b[33mstyle\u001b[39m=\u001b[32m\"background-color: #6b7280;\"\u001b[39m\n                      \u001b[33mtitle\u001b[39m=\u001b[32m\"Gray\"\u001b[39m\n                    \u001b[36m/>\u001b[39m\n                  \u001b[36m</div>\u001b[39m\n                  \u001b[36m<p\u001b[39m\n                    \u001b[33mclass\u001b[39m=\u001b[32m\"text-sm text-gray-600 mt-2\"\u001b[39m\n                  \u001b[36m>\u001b[39m\n                    \u001b[0mSelected: \u001b[0m\n                    \u001b[0mWhite\u001b[0m\n                  \u001b[36m</p>\u001b[39m\n                \u001b[36m</div>\u001b[39m\n                \u001b[36m<div>\u001b[39m\n                  \u001b[36m<label\u001b[39m\n                    \u001b[33maria-label\u001b[39m=\u001b[32m\"Quantity\"\u001b[39m\n                    \u001b[33mclass\u001b[39m=\u001b[32m\"block text-sm font-medium text-gray-700 mb-2\"\u001b[39m\n                  \u001b[36m>\u001b[39m\n                    \u001b[0mQuantity\u001b[0m\n                  \u001b[36m</label>\u001b[39m\n                  \u001b[36m<input\u001b[39m\n                    \u001b[33mclass\u001b[39m=\u001b[32m\"w-24 px-3 py-2 border border-gray-300 rounded-lg focus:ring-2 focus:ring-purple-500 focus:border-purple-500\"\u001b[39m\n                    \u001b[33mmax\u001b[39m=\u001b[32m\"100\"\u001b[39m\n                    \u001b[33mmin\u001b[39m=\u001b[32m\"1\"\u001b[39m\n                    \u001b[33mtype\u001b[39m=\u001b[32m\"number\"\u001b[39m\n                    \u001b[33mvalue\u001b[39m=\u001b[32m\"1\"\u001b[39m\n                  \u001b[36m/>\u001b[39m\n                \u001b[36m</div>\u001b[39m\n              \u001b[36m</div>\u001b[39m\n            \u001b[36m</div>\u001b[39m\n            \u001b[36m<div\u001b[39m\n              \u001b[33mclass\u001b[39m=\u001b[32m\"flex justify-between mt-6\"\u001b[39m\n            \u001b[36m>\u001b[39m\n              \u001b[36m<button\u001b[39m\n                \u001b[33mclass\u001b[39m=\u001b[32m\"inline-flex items-center justify-center font-medium transition-all duration-200 rounded-lg focus:outline-none focus:ring-2 focus:ring-offset-2 disabled:opacity-50 disabled:cursor-not-allowed border border-gray-300 text-gray-700 hover:bg-gray-50 focus:ring-gray-500 px-4 py-2 text-sm \"\u001b[39m\n                \u001b[33mdisabled\u001b[39m=\u001b[32m\"\"\u001b[39m\n              \u001b[36m>\u001b[39m\n                \u001b[0mBack\u001b[0m\n              \u001b[36m</button>\u001b[39m\n              \u001b[36m<button\u001b[39m\n                \u001b[33maria-label\u001b[39m=\u001b[32m\"Next\"\u001b[39m\n                \u001b[33mclass\u001b[39m=\u001b[32m\"inline-flex items-center justify-center font-medium transition-all duration-200 rounded-lg focus:outline-none focus:ring-2 focus:ring-offset-2 disabled:opacity-50 disabled:cursor-not-allowed bg-gradient-to-r from-purple-600 to-blue-600 text-white hover:from-purple-700 hover:to-blue-700 focus:ring-purple-500 transform hover:scale-105 px-4 py-2 text-sm \"\u001b[39m\n                \u001b[33mrole\u001b[39m=\u001b[32m\"button\"\u001b[39m\n              \u001b[36m>\u001b[39m\n                \u001b[0mNext\u001b[0m\n              \u001b[36m</button>\u001b[39m\n            \u001b[36m</div>\u001b[39m\n          \u001b[36m</div>\u001b[39m\n          \u001b[36m<div\u001b[39m\n            \u001b[33mclass\u001b[39m=\u001b[32m\"space-y-6\"\u001b[39m\n          \u001b[36m>\u001b[39m\n            \u001b[36m<div\u001b[39m\n              \u001b[33mclass\u001b[39m=\u001b[32m\"bg-white rounded-xl shadow-sm border border-gray-200  p-6\"\u001b[39m\n            \u001b[36m>\u001b[39m\n              \u001b[36m<h3\u001b[39m\n                \u001b[33mclass\u001b[39m=\u001b[32m\"text-lg font-semibold text-gray-900 mb-4\"\u001b[39m\n              \u001b[36m>\u001b[39m\n                \u001b[0m3D Model Preview\u001b[0m\n              \u001b[36m</h3>\u001b[39m\n              \u001b[36m<div\u001b[39m\n                \u001b[33mclass\u001b[39m=\u001b[32m\"bg-gradient-to-br from-gray-50 to-gray-100 rounded-lg h-48 w-full mb-4\"\u001b[39m\n              \u001b[36m>\u001b[39m\n                \u001b[36m<div\u001b[39m\n                  \u001b[33mstyle\u001b[39m=\u001b[32m\"position: relative; width: 100%; height: 100%; overflow: hidden; pointer-events: auto;\"\u001b[39m\n                \u001b[36m>\u001b[39m\n                  \u001b[36m<div\u001b[39m\n                    \u001b[33mstyle\u001b[39m=\u001b[32m\"width: 100%; height: 100%;\"\u001b[39m\n                  \u001b[36m>\u001b[39m\n                    \u001b[36m<canvas\u001b[39m\n                      \u001b[33mstyle\u001b[39m=\u001b[32m\"display: block;\"\u001b[39m\n                    \u001b[36m/>\u001b[39m\n                  \u001b[36m</div>\u001b[39m\n                \u001b[36m</div>\u001b[39m\n              \u001b[36m</div>\u001b[39m\n              \u001b[36m<div\u001b[39m\n                \u001b[33mclass\u001b[39m=\u001b[32m\"text-sm text-gray-600\"\u001b[39m\n              \u001b[36m>\u001b[39m\n                \u001b[36m<p>\u001b[39m\n                  \u001b[36m<strong>\u001b[39m\n                    \u001b[0mPrompt:\u001b[0m\n                  \u001b[36m</strong>\u001b[39m\n                  \u001b[0m \u001b[0m\n                  \u001b[0mTest Model\u001b[0m\n                \u001b[36m</p>\u001b[39m\n                \u001b[36m<p>\u001b[39m\n                  \u001b[36m<strong>\u001b[39m\n                    \u001b[0mStyle:\u001b[0m\n                  \u001b[36m</strong>\u001b[39m\n                  \u001b[0m \u001b[0m\n                  \u001b[0mrealistic\u001b[0m\n                \u001b[36m</p>\u001b[39m\n                \u001b[36m<p>\u001b[39m\n                  \u001b[36m<strong>\u001b[39m\n                    \u001b[0mQuality:\u001b[0m\n                  \u001b[36m</strong>\u001b[39m\n                  \u001b[0m \u001b[0m\n                  \u001b[0mhigh\u001b[0m\n                \u001b[36m</p>\u001b[39m\n              \u001b[36m</div>\u001b[39m\n              \u001b[36m<div\u001b[39m\n                \u001b[33mclass\u001b[39m=\u001b[32m\"mt-4 p-3 bg-green-50 rounded-lg\"\u001b[39m\n              \u001b[36m>\u001b[39m\n                \u001b[36m<p\u001b[39m\n                  \u001b[33mclass\u001b[39m=\u001b[32m\"text-sm text-green-700\"\u001b[39m\n                \u001b[36m>\u001b[39m\n                  \u001b[36m<span\u001b[39m\n                    \u001b[33mclass\u001b[39m=\u001b[32m\"font-medium\"\u001b[39m\n                  \u001b[36m>\u001b[39m\n                    \u001b[0m✅ STL File Ready:\u001b[0m\n                  \u001b[36m</span>\u001b[39m\n                  \u001b[0m Auto-populated from generation\u001b[0m\n                \u001b[36m</p>\u001b[39m\n              \u001b[36m</div>\u001b[39m\n            \u001b[36m</div>\u001b[39m\n          \u001b[36m</div>\u001b[39m\n        \u001b[36m</div>\u001b[39m\n      \u001b[36m</div>\u001b[39m\n    \u001b[36m</div>\u001b[39m\n  \u001b[36m</div>\u001b[39m\n\u001b[36m</body>\u001b[39m"],"location":{"line":37,"column":19}},{"ancestorTitles":["","Order Page"],"fullName":" Order Page handles color selection","status":"passed","title":"handles color selection","duration":103,"failureMessages":[]},{"ancestorTitles":["","Order Page"],"fullName":" Order Page handles quantity input","status":"failed","title":"handles quantity input","duration":34,"failureMessages":["clear()` is only supported on editable elements."],"location":{"line":17,"column":15}},{"ancestorTitles":["","Order Page"],"fullName":" Order Page navigates through steps","status":"failed","title":"navigates through steps","duration":26,"failureMessages":["Found multiple elements with the text: /Material & Options/i\n\nHere are the matching elements:\n\nIgnored nodes: comments, script, style\n\u001b[36m<span\u001b[39m\n  \u001b[33mclass\u001b[39m=\u001b[32m\"ml-2 text-sm font-medium text-gray-700\"\u001b[39m\n\u001b[36m>\u001b[39m\n  \u001b[0mMaterial & Options\u001b[0m\n\u001b[36m</span>\u001b[39m\n\nIgnored nodes: comments, script, style\n\u001b[36m<h3\u001b[39m\n  \u001b[33maria-label\u001b[39m=\u001b[32m\"Material & Options\"\u001b[39m\n  \u001b[33mclass\u001b[39m=\u001b[32m\"text-lg font-semibold text-gray-900 mb-6\"\u001b[39m\n\u001b[36m>\u001b[39m\n  \u001b[0mMaterial & Options\u001b[0m\n\u001b[36m</h3>\u001b[39m\n\n(If this is intentional, then use the `*AllBy*` variant of the query (like `queryAllByText`, `getAllByText`, or `findAllByText`)).\n\nIgnored nodes: comments, script, style\n\u001b[36m<body>\u001b[39m\n  \u001b[36m<div>\u001b[39m\n    \u001b[36m<div\u001b[39m\n      \u001b[33mclass\u001b[39m=\u001b[32m\"pt-16 min-h-screen bg-gray-50\"\u001b[39m\n    \u001b[36m>\u001b[39m\n      \u001b[36m<div\u001b[39m\n        \u001b[33mclass\u001b[39m=\u001b[32m\"max-w-7xl mx-auto px-4 sm:px-6 lg:px-8 py-12\"\u001b[39m\n      \u001b[36m>\u001b[39m\n        \u001b[36m<div\u001b[39m\n          \u001b[33mclass\u001b[39m=\u001b[32m\"mb-8\"\u001b[39m\n        \u001b[36m>\u001b[39m\n          \u001b[36m<button\u001b[39m\n            \u001b[33mclass\u001b[39m=\u001b[32m\"flex items-center space-x-2 text-gray-600 hover:text-gray-900 transition-colors mb-4\"\u001b[39m\n          \u001b[36m>\u001b[39m\n            \u001b[36m<svg\u001b[39m\n              \u001b[33mclass\u001b[39m=\u001b[32m\"lucide lucide-arrow-left h-4 w-4\"\u001b[39m\n              \u001b[33mfill\u001b[39m=\u001b[32m\"none\"\u001b[39m\n              \u001b[33mheight\u001b[39m=\u001b[32m\"24\"\u001b[39m\n              \u001b[33mstroke\u001b[39m=\u001b[32m\"currentColor\"\u001b[39m\n              \u001b[33mstroke-linecap\u001b[39m=\u001b[32m\"round\"\u001b[39m\n              \u001b[33mstroke-linejoin\u001b[39m=\u001b[32m\"round\"\u001b[39m\n              \u001b[33mstroke-width\u001b[39m=\u001b[32m\"2\"\u001b[39m\n              \u001b[33mviewBox\u001b[39m=\u001b[32m\"0 0 24 24\"\u001b[39m\n              \u001b[33mwidth\u001b[39m=\u001b[32m\"24\"\u001b[39m\n              \u001b[33mxmlns\u001b[39m=\u001b[32m\"http://www.w3.org/2000/svg\"\u001b[39m\n            \u001b[36m>\u001b[39m\n              \u001b[36m<path\u001b[39m\n                \u001b[33md\u001b[39m=\u001b[32m\"m12 19-7-7 7-7\"\u001b[39m\n              \u001b[36m/>\u001b[39m\n              \u001b[36m<path\u001b[39m\n                \u001b[33md\u001b[39m=\u001b[32m\"M19 12H5\"\u001b[39m\n              \u001b[36m/>\u001b[39m\n            \u001b[36m</svg>\u001b[39m\n            \u001b[36m<span>\u001b[39m\n              \u001b[0mBack to \u001b[0m\n              \u001b[0mGenerate\u001b[0m\n            \u001b[36m</span>\u001b[39m\n          \u001b[36m</button>\u001b[39m\n          \u001b[36m<h1\u001b[39m\n            \u001b[33maria-label\u001b[39m=\u001b[32m\"Order Your 3D Print\"\u001b[39m\n            \u001b[33mclass\u001b[39m=\u001b[32m\"text-4xl font-bold text-gray-900 mb-4\"\u001b[39m\n          \u001b[36m>\u001b[39m\n            \u001b[0mOrder Your 3D Print\u001b[0m\n          \u001b[36m</h1>\u001b[39m\n          \u001b[36m<div\u001b[39m\n            \u001b[33mclass\u001b[39m=\u001b[32m\"flex items-center space-x-4 mb-8\"\u001b[39m\n          \u001b[36m>\u001b[39m\n            \u001b[36m<div\u001b[39m\n              \u001b[33mclass\u001b[39m=\u001b[32m\"flex items-center\"\u001b[39m\n            \u001b[36m>\u001b[39m\n              \u001b[36m<div\u001b[39m\n                \u001b[33mclass\u001b[39m=\u001b[32m\"w-8 h-8 rounded-full flex items-center justify-center text-sm font-medium bg-purple-600 text-white\"\u001b[39m\n              \u001b[36m>\u001b[39m\n                \u001b[0m1\u001b[0m\n              \u001b[36m</div>\u001b[39m\n              \u001b[36m<span\u001b[39m\n                \u001b[33mclass\u001b[39m=\u001b[32m\"ml-2 text-sm font-medium text-gray-700\"\u001b[39m\n              \u001b[36m>\u001b[39m\n                \u001b[0mMaterial & Options\u001b[0m\n              \u001b[36m</span>\u001b[39m\n              \u001b[36m<div\u001b[39m\n                \u001b[33mclass\u001b[39m=\u001b[32m\"w-8 h-px bg-gray-300 mx-4\"\u001b[39m\n              \u001b[36m/>\u001b[39m\n            \u001b[36m</div>\u001b[39m\n            \u001b[36m<div\u001b[39m\n              \u001b[33mclass\u001b[39m=\u001b[32m\"flex items-center\"\u001b[39m\n            \u001b[36m>\u001b[39m\n              \u001b[36m<div\u001b[39m\n                \u001b[33mclass\u001b[39m=\u001b[32m\"w-8 h-8 rounded-full flex items-center justify-center text-sm font-medium bg-gray-200 text-gray-600\"\u001b[39m\n              \u001b[36m>\u001b[39m\n                \u001b[0m2\u001b[0m\n              \u001b[36m</div>\u001b[39m\n              \u001b[36m<span\u001b[39m\n                \u001b[33mclass\u001b[39m=\u001b[32m\"ml-2 text-sm font-medium text-gray-700\"\u001b[39m\n              \u001b[36m>\u001b[39m\n                \u001b[0mVendor Selection\u001b[0m\n              \u001b[36m</span>\u001b[39m\n              \u001b[36m<div\u001b[39m\n                \u001b[33mclass\u001b[39m=\u001b[32m\"w-8 h-px bg-gray-300 mx-4\"\u001b[39m\n              \u001b[36m/>\u001b[39m\n            \u001b[36m</div>\u001b[39m\n            \u001b[36m<div\u001b[39m\n              \u001b[33mclass\u001b[39m=\u001b[32m\"flex items-center\"\u001b[39m\n            \u001b[36m>\u001b[39m\n              \u001b[36m<div\u001b[39m\n                \u001b[33mclass\u001b[39m=\u001b[32m\"w-8 h-8 rounded-full flex items-center justify-center text-sm font-medium bg-gray-200 text-gray-600\"\u001b[39m\n              \u001b[36m>\u001b[39m\n                \u001b[0m3\u001b[0m\n              \u001b[36m</div>\u001b[39m\n              \u001b[36m<span\u001b[39m\n                \u001b[33mclass\u001b[39m=\u001b[32m\"ml-2 text-sm font-medium text-gray-700\"\u001b[39m\n              \u001b[36m>\u001b[39m\n                \u001b[0mShipping Info\u001b[0m\n              \u001b[36m</span>\u001b[39m\n              \u001b[36m<div\u001b[39m\n                \u001b[33mclass\u001b[39m=\u001b[32m\"w-8 h-px bg-gray-300 mx-4\"\u001b[39m\n              \u001b[36m/>\u001b[39m\n            \u001b[36m</div>\u001b[39m\n            \u001b[36m<div\u001b[39m\n              \u001b[33mclass\u001b[39m=\u001b[32m\"flex items-center\"\u001b[39m\n            \u001b[36m>\u001b[39m\n              \u001b[36m<div\u001b[39m\n                \u001b[33mclass\u001b[39m=\u001b[32m\"w-8 h-8 rounded-full flex items-center justify-center text-sm font-medium bg-gray-200 text-gray-600\"\u001b[39m\n              \u001b[36m>\u001b[39m\n                \u001b[0m4\u001b[0m\n              \u001b[36m</div>\u001b[39m\n              \u001b[36m<span\u001b[39m\n                \u001b[33mclass\u001b[39m=\u001b[32m\"ml-2 text-sm font-medium text-gray-700\"\u001b[39m\n              \u001b[36m>\u001b[39m\n                \u001b[0mPayment\u001b[0m\n              \u001b[36m</span>\u001b[39m\n            \u001b[36m</div>\u001b[39m\n          \u001b[36m</div>\u001b[39m\n        \u001b[36m</div>\u001b[39m\n        \u001b[36m<div\u001b[39m\n          \u001b[33mclass\u001b[39m=\u001b[32m\"grid grid-cols-1 lg:grid-cols-3 gap-8\"\u001b[39m\n        \u001b[36m>\u001b[39m\n          \u001b[36m<div\u001b[39m\n            \u001b[33mclass\u001b[39m=\u001b[32m\"lg:col-span-2\"\u001b[39m\n          \u001b[36m>\u001b[39m\n            \u001b[36m<div\u001b[39m\n              \u001b[33mclass\u001b[39m=\u001b[32m\"bg-white rounded-xl shadow-sm border border-gray-200  p-6\"\u001b[39m\n            \u001b[36m>\u001b[39m\n              \u001b[36m<h3\u001b[39m\n                \u001b[33maria-label\u001b[39m=\u001b[32m\"Material & Options\"\u001b[39m\n                \u001b[33mclass\u001b[39m=\u001b[32m\"text-lg font-semibold text-gray-900 mb-6\"\u001b[39m\n              \u001b[36m>\u001b[39m\n                \u001b[0mMaterial & Options\u001b[0m\n              \u001b[36m</h3>\u001b[39m\n              \u001b[36m<div\u001b[39m\n                \u001b[33mclass\u001b[39m=\u001b[32m\"space-y-6\"\u001b[39m\n              \u001b[36m>\u001b[39m\n                \u001b[36m<div>\u001b[39m\n                  \u001b[36m<label\u001b[39m\n                    \u001b[33maria-label\u001b[39m=\u001b[32m\"Select Material\"\u001b[39m\n                    \u001b[33mclass\u001b[39m=\u001b[32m\"block text-sm font-medium text-gray-700 mb-3\"\u001b[39m\n                  \u001b[36m>\u001b[39m\n                    \u001b[0mSelect Material\u001b[0m\n                  \u001b[36m</label>\u001b[39m\n                  \u001b[36m<div\u001b[39m\n                    \u001b[33mclass\u001b[39m=\u001b[32m\"grid grid-cols-1 md:grid-cols-2 gap-4\"\u001b[39m\n                  \u001b[36m>\u001b[39m\n                    \u001b[36m<div\u001b[39m\n                      \u001b[33mclass\u001b[39m=\u001b[32m\"p-4 border-2 rounded-lg cursor-pointer transition-all border-purple-500 bg-purple-50\"\u001b[39m\n                    \u001b[36m>\u001b[39m\n                      \u001b[36m<div\u001b[39m\n                        \u001b[33mclass\u001b[39m=\u001b[32m\"flex justify-between items-start mb-2\"\u001b[39m\n                      \u001b[36m>\u001b[39m\n                        \u001b[36m<h4\u001b[39m\n                          \u001b[33mclass\u001b[39m=\u001b[32m\"font-medium text-gray-900\"\u001b[39m\n                        \u001b[36m>\u001b[39m\n                          \u001b[0mPLA Plastic\u001b[0m\n                        \u001b[36m</h4>\u001b[39m\n                        \u001b[36m<span\u001b[39m\n                          \u001b[33mclass\u001b[39m=\u001b[32m\"text-lg font-bold text-purple-600\"\u001b[39m\n                        \u001b[36m>\u001b[39m\n                          \u001b[0m$\u001b[0m\n                          \u001b[0m24.99\u001b[0m\n                        \u001b[36m</span>\u001b[39m\n                      \u001b[36m</div>\u001b[39m\n                      \u001b[36m<p\u001b[39m\n                        \u001b[33mclass\u001b[39m=\u001b[32m..."],"location":{"line":37,"column":19}},{"ancestorTitles":["","Order Page"],"fullName":" Order Page handles place order action","status":"failed","title":"handles place order action","duration":207,"failureMessages":["Unable to find a label with the text of: /Email/i\n\nIgnored nodes: comments, script, style\n\u001b[36m<body>\u001b[39m\n  \u001b[36m<div>\u001b[39m\n    \u001b[36m<div\u001b[39m\n      \u001b[33mclass\u001b[39m=\u001b[32m\"pt-16 min-h-screen bg-gray-50\"\u001b[39m\n    \u001b[36m>\u001b[39m\n      \u001b[36m<div\u001b[39m\n        \u001b[33mclass\u001b[39m=\u001b[32m\"max-w-7xl mx-auto px-4 sm:px-6 lg:px-8 py-12\"\u001b[39m\n      \u001b[36m>\u001b[39m\n        \u001b[36m<div\u001b[39m\n          \u001b[33mclass\u001b[39m=\u001b[32m\"mb-8\"\u001b[39m\n        \u001b[36m>\u001b[39m\n          \u001b[36m<button\u001b[39m\n            \u001b[33mclass\u001b[39m=\u001b[32m\"flex items-center space-x-2 text-gray-600 hover:text-gray-900 transition-colors mb-4\"\u001b[39m\n          \u001b[36m>\u001b[39m\n            \u001b[36m<svg\u001b[39m\n              \u001b[33mclass\u001b[39m=\u001b[32m\"lucide lucide-arrow-left h-4 w-4\"\u001b[39m\n              \u001b[33mfill\u001b[39m=\u001b[32m\"none\"\u001b[39m\n              \u001b[33mheight\u001b[39m=\u001b[32m\"24\"\u001b[39m\n              \u001b[33mstroke\u001b[39m=\u001b[32m\"currentColor\"\u001b[39m\n              \u001b[33mstroke-linecap\u001b[39m=\u001b[32m\"round\"\u001b[39m\n              \u001b[33mstroke-linejoin\u001b[39m=\u001b[32m\"round\"\u001b[39m\n              \u001b[33mstroke-width\u001b[39m=\u001b[32m\"2\"\u001b[39m\n              \u001b[33mviewBox\u001b[39m=\u001b[32m\"0 0 24 24\"\u001b[39m\n              \u001b[33mwidth\u001b[39m=\u001b[32m\"24\"\u001b[39m\n              \u001b[33mxmlns\u001b[39m=\u001b[32m\"http://www.w3.org/2000/svg\"\u001b[39m\n            \u001b[36m>\u001b[39m\n              \u001b[36m<path\u001b[39m\n                \u001b[33md\u001b[39m=\u001b[32m\"m12 19-7-7 7-7\"\u001b[39m\n              \u001b[36m/>\u001b[39m\n              \u001b[36m<path\u001b[39m\n                \u001b[33md\u001b[39m=\u001b[32m\"M19 12H5\"\u001b[39m\n              \u001b[36m/>\u001b[39m\n            \u001b[36m</svg>\u001b[39m\n            \u001b[36m<span>\u001b[39m\n              \u001b[0mBack to \u001b[0m\n              \u001b[0mGenerate\u001b[0m\n            \u001b[36m</span>\u001b[39m\n          \u001b[36m</button>\u001b[39m\n          \u001b[36m<h1\u001b[39m\n            \u001b[33maria-label\u001b[39m=\u001b[32m\"Order Your 3D Print\"\u001b[39m\n            \u001b[33mclass\u001b[39m=\u001b[32m\"text-4xl font-bold text-gray-900 mb-4\"\u001b[39m\n          \u001b[36m>\u001b[39m\n            \u001b[0mOrder Your 3D Print\u001b[0m\n          \u001b[36m</h1>\u001b[39m\n          \u001b[36m<div\u001b[39m\n            \u001b[33mclass\u001b[39m=\u001b[32m\"flex items-center space-x-4 mb-8\"\u001b[39m\n          \u001b[36m>\u001b[39m\n            \u001b[36m<div\u001b[39m\n              \u001b[33mclass\u001b[39m=\u001b[32m\"flex items-center\"\u001b[39m\n            \u001b[36m>\u001b[39m\n              \u001b[36m<div\u001b[39m\n                \u001b[33mclass\u001b[39m=\u001b[32m\"w-8 h-8 rounded-full flex items-center justify-center text-sm font-medium bg-purple-600 text-white\"\u001b[39m\n              \u001b[36m>\u001b[39m\n                \u001b[36m<svg\u001b[39m\n                  \u001b[33mclass\u001b[39m=\u001b[32m\"lucide lucide-check h-4 w-4\"\u001b[39m\n                  \u001b[33mfill\u001b[39m=\u001b[32m\"none\"\u001b[39m\n                  \u001b[33mheight\u001b[39m=\u001b[32m\"24\"\u001b[39m\n                  \u001b[33mstroke\u001b[39m=\u001b[32m\"currentColor\"\u001b[39m\n                  \u001b[33mstroke-linecap\u001b[39m=\u001b[32m\"round\"\u001b[39m\n                  \u001b[33mstroke-linejoin\u001b[39m=\u001b[32m\"round\"\u001b[39m\n                  \u001b[33mstroke-width\u001b[39m=\u001b[32m\"2\"\u001b[39m\n                  \u001b[33mviewBox\u001b[39m=\u001b[32m\"0 0 24 24\"\u001b[39m\n                  \u001b[33mwidth\u001b[39m=\u001b[32m\"24\"\u001b[39m\n                  \u001b[33mxmlns\u001b[39m=\u001b[32m\"http://www.w3.org/2000/svg\"\u001b[39m\n                \u001b[36m>\u001b[39m\n                  \u001b[36m<path\u001b[39m\n                    \u001b[33md\u001b[39m=\u001b[32m\"M20 6 9 17l-5-5\"\u001b[39m\n                  \u001b[36m/>\u001b[39m\n                \u001b[36m</svg>\u001b[39m\n              \u001b[36m</div>\u001b[39m\n              \u001b[36m<span\u001b[39m\n                \u001b[33mclass\u001b[39m=\u001b[32m\"ml-2 text-sm font-medium text-gray-700\"\u001b[39m\n              \u001b[36m>\u001b[39m\n                \u001b[0mMaterial & Options\u001b[0m\n              \u001b[36m</span>\u001b[39m\n              \u001b[36m<div\u001b[39m\n                \u001b[33mclass\u001b[39m=\u001b[32m\"w-8 h-px bg-gray-300 mx-4\"\u001b[39m\n              \u001b[36m/>\u001b[39m\n            \u001b[36m</div>\u001b[39m\n            \u001b[36m<div\u001b[39m\n              \u001b[33mclass\u001b[39m=\u001b[32m\"flex items-center\"\u001b[39m\n            \u001b[36m>\u001b[39m\n              \u001b[36m<div\u001b[39m\n                \u001b[33mclass\u001b[39m=\u001b[32m\"w-8 h-8 rounded-full flex items-center justify-center text-sm font-medium bg-purple-600 text-white\"\u001b[39m\n              \u001b[36m>\u001b[39m\n                \u001b[36m<svg\u001b[39m\n                  \u001b[33mclass\u001b[39m=\u001b[32m\"lucide lucide-check h-4 w-4\"\u001b[39m\n                  \u001b[33mfill\u001b[39m=\u001b[32m\"none\"\u001b[39m\n                  \u001b[33mheight\u001b[39m=\u001b[32m\"24\"\u001b[39m\n                  \u001b[33mstroke\u001b[39m=\u001b[32m\"currentColor\"\u001b[39m\n                  \u001b[33mstroke-linecap\u001b[39m=\u001b[32m\"round\"\u001b[39m\n                  \u001b[33mstroke-linejoin\u001b[39m=\u001b[32m\"round\"\u001b[39m\n                  \u001b[33mstroke-width\u001b[39m=\u001b[32m\"2\"\u001b[39m\n                  \u001b[33mviewBox\u001b[39m=\u001b[32m\"0 0 24 24\"\u001b[39m\n                  \u001b[33mwidth\u001b[39m=\u001b[32m\"24\"\u001b[39m\n                  \u001b[33mxmlns\u001b[39m=\u001b[32m\"http://www.w3.org/2000/svg\"\u001b[39m\n                \u001b[36m>\u001b[39m\n                  \u001b[36m<path\u001b[39m\n                    \u001b[33md\u001b[39m=\u001b[32m\"M20 6 9 17l-5-5\"\u001b[39m\n                  \u001b[36m/>\u001b[39m\n                \u001b[36m</svg>\u001b[39m\n              \u001b[36m</div>\u001b[39m\n              \u001b[36m<span\u001b[39m\n                \u001b[33mclass\u001b[39m=\u001b[32m\"ml-2 text-sm font-medium text-gray-700\"\u001b[39m\n              \u001b[36m>\u001b[39m\n                \u001b[0mVendor Selection\u001b[0m\n              \u001b[36m</span>\u001b[39m\n              \u001b[36m<div\u001b[39m\n                \u001b[33mclass\u001b[39m=\u001b[32m\"w-8 h-px bg-gray-300 mx-4\"\u001b[39m\n              \u001b[36m/>\u001b[39m\n            \u001b[36m</div>\u001b[39m\n            \u001b[36m<div\u001b[39m\n              \u001b[33mclass\u001b[39m=\u001b[32m\"flex items-center\"\u001b[39m\n            \u001b[36m>\u001b[39m\n              \u001b[36m<div\u001b[39m\n                \u001b[33mclass\u001b[39m=\u001b[32m\"w-8 h-8 rounded-full flex items-center justify-center text-sm font-medium bg-purple-600 text-white\"\u001b[39m\n              \u001b[36m>\u001b[39m\n                \u001b[36m<svg\u001b[39m\n                  \u001b[33mclass\u001b[39m=\u001b[32m\"lucide lucide-check h-4 w-4\"\u001b[39m\n                  \u001b[33mfill\u001b[39m=\u001b[32m\"none\"\u001b[39m\n                  \u001b[33mheight\u001b[39m=\u001b[32m\"24\"\u001b[39m\n                  \u001b[33mstroke\u001b[39m=\u001b[32m\"currentColor\"\u001b[39m\n                  \u001b[33mstroke-linecap\u001b[39m=\u001b[32m\"round\"\u001b[39m\n                  \u001b[33mstroke-linejoin\u001b[39m=\u001b[32m\"round\"\u001b[39m\n                  \u001b[33mstroke-width\u001b[39m=\u001b[32m\"2\"\u001b[39m\n                  \u001b[33mviewBox\u001b[39m=\u001b[32m\"0 0 24 24\"\u001b[39m\n                  \u001b[33mwidth\u001b[39m=\u001b[32m\"24\"\u001b[39m\n                  \u001b[33mxmlns\u001b[39m=\u001b[32m\"http://www.w3.org/2000/svg\"\u001b[39m\n                \u001b[36m>\u001b[39m\n                  \u001b[36m<path\u001b[39m\n                    \u001b[33md\u001b[39m=\u001b[32m\"M20 6 9 17l-5-5\"\u001b[39m\n                  \u001b[36m/>\u001b[39m\n                \u001b[36m</svg>\u001b[39m\n              \u001b[36m</div>\u001b[39m\n              \u001b[36m<span\u001b[39m\n                \u001b[33mclass\u001b[39m=\u001b[32m\"ml-2 text-sm font-medium text-gray-700\"\u001b[39m\n              \u001b[36m>\u001b[39m\n                \u001b[0mShipping Info\u001b[0m\n              \u001b[36m</span>\u001b[39m\n              \u001b[36m<div\u001b[39m\n                \u001b[33mclass\u001b[39m=\u001b[32m\"w-8 h-px bg-gray-300 mx-4\"\u001b[39m\n              \u001b[36m/>\u001b[39m\n            \u001b[36m</div>\u001b[39m\n            \u001b[36m<div\u001b[39m\n              \u001b[33mclass\u001b[39m=\u001b[32m\"flex items-center\"\u001b[39m\n            \u001b[36m>\u001b[39m\n              \u001b[36m<div\u001b[39m\n                \u001b[33mclass\u001b[39m=\u001b[32m\"w-8 h-8 rounded-full flex items-center justify-center text-sm font-medium bg-purple-600 text-white\"\u001b[39m\n              \u001b[36m>\u001b[39m\n                \u001b[0m4\u001b[0m\n              \u001b[36m</div>\u001b[39m\n              \u001b[36m<span\u001b[39m\n                \u001b[33mclass\u001b[39m=\u001b[32m\"ml-2 text-sm font-medium text-gray-700\"\u001b[39m\n              \u001b[36m>\u001b[39m\n                \u001b[0mPayment\u001b[0m\n              \u001b[36m</span>\u001b[39m\n            \u001b[36m</div>\u001b[39m\n          \u001b[36m</div>\u001b[39m\n        \u001b[36m</div>\u001b[39m\n        \u001b[36m<div\u001b[39m\n          \u001b[33mclass\u001b[39m=\u001b[32m\"grid grid-cols-1 lg:grid-cols-3 gap-8\"\u001b[39m\n        \u001b[36m>\u001b[39m\n          \u001b[36m<div\u001b[39m\n            \u001b[33mclass\u001b[39m=\u001b[32m\"lg:col-span-2\"\u001b[39m\n          \u001b[36m>\u001b[39m\n            \u001b[36m<div\u001b[39m\n              \u001b[33mclass\u001b[39m=\u001b[32m\"bg-white rounded-xl shadow-sm border border-gray-200  p-6\"\u001b[39m\n            \u001b[36m>\u001b[39m\n              \u001b[36m<h3\u001b[39m\n                \u001b[33mclass\u001b[39m=\u001b[32m\"text-lg font-semibold text-gray-900 mb-6\"\u001b[39m\n              \u001b[36m>\u001b[39m\n                \u001b[0mPayment Information\u001b[0m\n              \u001b[36m</h3>\u001b[39m\n              \u001b[36m<div\u001b[39m\n                \u001b[33mclass\u001b[39m=\u001b[32m\"space-y-4\"\u001b[39m\n              \u001b[36m>\u001b[39m\n                \u001b[36m<div\u001b[39m\n                  \u001b[33mclass\u001b[39m=\u001b[32m\"space-y-1\"\u001b[39m\n                \u001b[36m>\u001b[39m\n                  \u001b[36m<label\u001b[39m\n                    \u001b[33mclass\u001b[39m=\u001b[32m\"block text-sm font-medium text-gray-700\"\u001b[39m\n                    \u001b[33mfor\u001b[39m=\u001b[32m\"input-1z39xby0w\"\u001b[39m\n                  \u001b[36m>\u001b[39m\n                    \u001b[0mCard Number\u001b[0m\n                  \u001b[36m</label>\u001b[39m\n                  \u001b[36m<input\u001b[39m\n                    \u001b[33mclass\u001b[39m=\u001b[32m\"\n          block w-full px-3 py-2 border border-gray-300 rounded-lg shadow-sm\n          focus:ring-2 focus:ring-purple-500 focus:border-purple-500\n          disabled:bg-gray-50 disabled:text-gray-500\n          \n          \n        \"\u001b[39m\n                    \u001b[33mid\u001b[39m=\u001b[32m\"input-1z39xby0w\"\u001b[39m\n                    \u001b[33mplaceholder\u001b[39m=\u001b[32m\"1234 5678 9012 3456\"\u001b[39m\n                    \u001b[33mrequired\u001b[39m=\u001b[32m\"\"\u001b[39m\n                    \u001b[33mvalue\u001b[39m=\u001b[32m\"\"\u001b[39m\n                  \u001b[36m/>\u001b[39m\n                \u001b[36m</div>\u001b[39m\n                \u001b[36m<div\u001b[39m\n                  \u001b[33mclass\u001b[39m=\u001b[32m\"grid grid-cols-2 gap-4\"\u001b[39m\n                \u001b[36m>\u001b[39m\n                  \u001b[36m<div\u001b[39m\n                    \u001b[33mclass\u001b[39m=\u001b[32m\"space-y-1\"\u001b[39m\n                  \u001b[36m>\u001b[39m\n                    \u001b[36m<label\u001b[39m\n                      \u001b[33mclass\u001b[39m=\u001b[32m\"block text-sm font-medium text-gray-700\"\u001b[39m\n                      \u001b[33mfor\u001b[39m=\u001b[32m\"input-6sex2qwaa\"\u001b[39m\n                    \u001b[36m>\u001b[39m\n                      \u001b[0mExpiry Date\u001b[0m\n                    \u001b[36m</label>\u001b[39m\n                    \u001b[36m<input\u001b[39m\n                      \u001b[33mclass\u001b[39m=\u001b[32m\"\n          block w-full px-3 py-2 border border-gray-300 rounded-lg shadow-sm\n          focus:ring-2 focus:ring-purple-500 focus:border-purple-500\n          disabled:bg-gray-50 disabled:text-gray-500\n          \n          \n        \"\u001b[39m\n                      \u001b[33mid\u001b[39m=\u001b[32m\"input-6sex2qwaa\"\u001b[39m\n                      \u001b[33mplaceholder\u001b[39m=\u001b[32m\"MM/YY\"\u001b[39m\n                      \u001b[33mrequired\u001b[39m=\u001b[32m\"\"\u001b[39m\n                      \u001b[33mvalue\u001b[39m=\u001b[32m\"\"\u001b[39m\n                    \u001b[36m/>\u001b[39m\n                  \u001b[36m</div>\u001b[39m\n                  \u001b[36m<div\u001b[39m\n                    \u001b[33mclass\u001b[39m=\u001b[32m\"space-y-1\"\u001b[39m\n                  \u001b[36m>\u001b[39m\n                    \u001b[36m<label\u001b[39m\n                      \u001b[33mclass\u001b[39m=\u001b[32m\"block text-sm font-medium text-gray-700\"\u001b[39m\n                      \u001b[33mfor\u001b[39m=\u001b[32m\"input-3wfi3n06b\"\u001b[39m\n                    \u001b[36m>\u001b[39m\n                      \u001b[0mCVV\u001b[0m\n                    \u001b[36m</label>\u001b[39m\n                    \u001b[36m<input\u001b[39m\n                      \u001b[33mclass\u001b[39m=\u001b[32m\"\n          block w-full px-3 py-2 border border-gray-300 rounded-lg shadow-sm\n          focus:ring-2 focus:ring-purple-500 focus:border-purple-500\n          disabled:bg-gray-50 disabled:text-gray-500\n          \n          \n        \"\u001b[39m\n                      \u001b[33mid\u001b[39m=\u001b[32m\"input-3wfi3n06b\"\u001b[39m\n                      \u001b[33mplaceholder\u001b[39m=\u001b[32m\"123\"\u001b[39m\n                      \u001b[33mrequired\u001b[39m=\u001b[32m\"\"\u001b[39m\n                      \u001b[33mvalue\u001b[39m=\u001b[32m\"\"\u001b[39m\n                    \u001b[36m/>\u001b[39m\n                  \u001b[36m</div>\u001b[39m\n                \u001b[36m</div>\u001b[39m\n                \u001b[36m<div\u001b[39m\n                  \u001b[33mclass\u001b[39m=\u001b[32m\"space-y-1\"\u001b[39m\n                \u001b[36m>\u001b[39m\n                  \u001b[36m<label\u001b[39m\n                    \u001b[33mclass\u001b[39m=\u001b[32m\"block text-sm font-medium text-gray-700\"\u001b[39m\n                    \u001b[33mfor\u001b[39m=\u001b[32m\"input-9bcdv4fmy\"\u001b[39m\n                  \u001b[36m>\u001b[39m\n                    \u001b[0mName on Card\u001b[0m\n                  \u001b[36m</label>\u001b[39m\n                  \u001b[36m<input\u001b[39m\n                    \u001b[33mclass\u001b[39m=\u001b[32m\"\n          block w-full px-3 py-2 border border-gray-300 rounded-lg shadow-sm\n          focus:ring-2 focus:ring-purple-500 focus:border-purple-500\n          disabled:bg-gray-50 disabled:text-gray-500\n          \n          \n        \"\u001b[39m\n                    \u001b[33mid\u001b[39m=\u001b[32m\"input-9bcdv4fmy\"\u001b[39m\n                    \u001b[33mrequired\u001b[39m=\u001b[32m\"\"\u001b[39m\n                    \u001b[33mvalue\u001b[39m=\u001b[32m\"\"\u001b[39m\n                  \u001b[36m/>\u001b[39m\n                \u001b[36m</div>\u001b[39m\n              \u001b[36m</div>\u001b[39m\n            \u001b[36m</div>\u001b[39m\n            \u001b[36m<div\u001b[39m\n              \u001b[33mclass\u001b[39m=\u001b[32m\"flex justify-between mt-6\"\u001b[39m\n            \u001b[36m>\u001b[39m\n              \u001b[36m<button\u001b[39m\n                \u001b[33mclass\u001b[39m=\u001b[32m\"inline-flex items-center justify-center font-medium transition-all duration-200 rounded-lg focus:outline-none focus:ring-2 focus:ring-offset-2 disabled:opacity-50 disabled:cursor-not-allowed border border-gray-300 text-gray-700 hover:bg-gray-50 focus:ring-gray-500 px-4 py-2 text-sm \"\u001b[39m\n              \u001b[36m>\u001b[39m\n                \u001b[0mBack\u001b[0m\n              \u001b[36m</button>\u001b[39m\n              \u001b[36m<button\u001b[39m\n                \u001b[33mclass\u001b[39m=\u001b[32m\"inline-flex items-center justify-center font-medium transition-all duration-200 rounded-lg focus:outline-none focus:ring-2 focus:ring-offset-2 disabled:opacity-50 disabled:cursor-not-allowed bg-gradient-to-r from-purple-600 to-blue-600 text-white hover:from-purple-700 hover:to-blue-700 focus:ring-purple-500 transform hover:scale-105 px-4 py-2 text-sm bg-gradient-to-r from-green-600 to-emerald-600 hover:from-green-700 hover:to-emerald-700\"\u001b[39m\n              \u001b[36m>\u001b[39m\n                \u001b[0mPlace Order with Stripe\u001b[0m\n              \u001b[36m</button>\u001b[39m\n            \u001b[36m</div>\u001b[39m\n          \u001b[36m</div>\u001b[39m\n          \u001b[36m<div\u001b[39m\n            \u001b[33mclass\u001b[39m=\u001b[32m\"space-y-6\"\u001b[39m\n          \u001b[36m>\u001b[39m\n            \u001b[36m<div\u001b[39m\n              \u001b[33mclass\u001b[39m=\u001b[32m\"bg-white rounded-xl shadow-sm border border-gray-200  p-6\"\u001b[39m\n            \u001b[36m>\u001b[39m\n              \u001b[36m<h3\u001b[39m\n                \u001b[33mclass\u001b[39m=\u001b[32m\"text-lg font-semibold text-gray-900 mb-4\"\u001b[39m\n              \u001b[36m>\u001b[39m\n                \u001b[0m3D Model Preview\u001b[0m\n              \u001b[36m</h3>\u001b[39m\n              \u001b[36m<div\u001b[39m\n                \u001b[33mclass\u001b[39m=\u001b[32m\"bg-gradient-to-br from-gray-50 to-gray-100 rounded-lg h-48 w-full mb-4\"\u001b[39m\n              \u001b[36m>\u001b[39m\n                \u001b[36m<div\u001b[39m\n                  \u001b[33mstyle\u001b[39m=\u001b[32m\"position: relative; width: 100%; height: 100%; overflow: hidden; pointer-events: auto;\"\u001b[39m\n                \u001b[36m>\u001b[39m\n                  \u001b[36m<div\u001b[39m\n                    \u001b[33mstyle\u001b[39m=\u001b[32m\"width: 100%; height: 100%;\"\u001b[39m\n                  \u001b[36m>\u001b[39m\n                    \u001b[36m<canvas\u001b[39m\n                      \u001b[33mstyle\u001b[39m=\u001b[32m\"display: block;\"\u001b[39m\n                    \u001b[36m/>\u001b[39m\n                  \u001b[36m</div>\u001b[39m\n                \u001b[36m</div>\u001b[39m\n              \u001b[36m</div>\u001b[39m\n              \u001b[36m<div\u001b[39m\n                \u001b[33mclass\u001b[39m=\u001b[32m\"text-sm text-gray-600\"\u001b[39m\n              \u001b[36m>\u001b[39m\n                \u001b[36m<p>\u001b[39m\n                  \u001b[36m<strong>\u001b[39m\n                    \u001b[0mPrompt:\u001b[0m\n                  \u001b[36m</strong>\u001b[39m\n                  \u001b[0m \u001b[0m\n                  \u001b[0mTest Model\u001b[0m\n                \u001b[36m</p>\u001b[39m\n                \u001b[36m<p>\u001b[39m\n                  \u001b[36m<strong>\u001b[39m\n                    \u001b[0mStyle:\u001b[0m\n                  \u001b[36m</strong>\u001b[39m\n                  \u001b[0m \u001b[0m\n                  \u001b[0mrealistic\u001b[0m\n                \u001b[36m</p>\u001b[39m\n                \u001b[36m<p>\u001b[39m\n                  \u001b[36m<strong>\u001b[39m\n                    \u001b[0mQuality:\u001b[0m\n                  \u001b[36m</strong>\u001b[39m\n                  \u001b[0m \u001b[0m\n                  \u001b[0mhigh\u001b[0m\n                \u001b[36m</p>\u001b[39m\n              \u001b[36m</div>\u001b[39m\n              \u001b[36m<div\u001b[39m\n                \u001b[33mclass\u001b[39m=\u001b[32m\"mt-4 p-3 bg-green-50 rounded-lg\"\u001b[39m\n              \u001b[36m>\u001b[39m\n                \u001b[36m<p\u001b[39m\n                  \u001b[33mclass\u001b[39m=\u001b[32m\"text-sm text-green-700\"\u001b[39m\n                \u001b[36m>\u001b[39m\n                  \u001b[36m<span\u001b[39m\n                    \u001b[33mclass\u001b[39m=\u001b[32m\"font-medium\"\u001b[39m\n                  \u001b[36m>\u001b[39m\n                    \u001b[0m✅ STL File Ready:\u001b[0m\n                  \u001b[36m</span>\u001b[39m\n                  \u001b[0m Auto-populated from generation\u001b[0m\n                \u001b[36m</p>\u001b[39m\n              \u001b[36m</div>\u001b[39m\n            \u001b[36m</div>\u001b[39m\n            \u001b[36m<div\u001b[39m\n              \u001b[33mclass\u001b[39m=\u001b[32m\"bg-white rounded-xl shadow-sm border border-gray-200  p-6\"\u001b[39m\n            \u001b[36m>\u001b[39m\n              \u001b[36m<h3\u001b[39m\n                \u001b[33mclass\u001b[39m=\u001b[32m\"text-lg font-semibold text-gray-900 mb-4\"\u001b[39m\n              \u001b[36m>\u001b[39m\n                \u001b[0mOrder Summary\u001b[0m\n              \u001b[36m</h3>\u001b[39m\n              \u001b[36m<div\u001b[39m\n                \u001b[33mclass\u001b[39m=\u001b[32m\"text-gray-500 text-sm mb-4\"\u001b[39m\n              \u001b[36m>\u001b[39m\n                \u001b[0mFill out shipping information to see your order summary.\u001b[0m\n              \u001b[36m</div>\u001b[39m\n            \u001b[36m</div>\u001b[39m\n          \u001b[36m</div>\u001b[39m\n        \u001b[36m</div>\u001b[39m\n      \u001b[36m</div>\u001b[39m\n    \u001b[36m</div>\u001b[39m\n  \u001b[36m</div>\u001b[39m\n\u001b[36m</body>\u001b[39m"],"location":{"line":37,"column":19}},{"ancestorTitles":["","Order Page"],"fullName":" Order Page shows back button and navigates correctly","status":"passed","title":"shows back button and navigates correctly","duration":61,"failureMessages":[]},{"ancestorTitles":["","Order Page"],"fullName":" Order Page shows 3D model preview","status":"failed","title":"shows 3D model preview","duration":32,"failureMessages":["Unable to find an element with the text: /Prompt: Test Model/i. This could be because the text is broken up by multiple elements. In this case, you can provide a function for your text matcher to make your matcher more flexible.\n\nIgnored nodes: comments, script, style\n\u001b[36m<body>\u001b[39m\n  \u001b[36m<div>\u001b[39m\n    \u001b[36m<div\u001b[39m\n      \u001b[33mclass\u001b[39m=\u001b[32m\"pt-16 min-h-screen bg-gray-50\"\u001b[39m\n    \u001b[36m>\u001b[39m\n      \u001b[36m<div\u001b[39m\n        \u001b[33mclass\u001b[39m=\u001b[32m\"max-w-7xl mx-auto px-4 sm:px-6 lg:px-8 py-12\"\u001b[39m\n      \u001b[36m>\u001b[39m\n        \u001b[36m<div\u001b[39m\n          \u001b[33mclass\u001b[39m=\u001b[32m\"mb-8\"\u001b[39m\n        \u001b[36m>\u001b[39m\n          \u001b[36m<button\u001b[39m\n            \u001b[33mclass\u001b[39m=\u001b[32m\"flex items-center space-x-2 text-gray-600 hover:text-gray-900 transition-colors mb-4\"\u001b[39m\n          \u001b[36m>\u001b[39m\n            \u001b[36m<svg\u001b[39m\n              \u001b[33mclass\u001b[39m=\u001b[32m\"lucide lucide-arrow-left h-4 w-4\"\u001b[39m\n              \u001b[33mfill\u001b[39m=\u001b[32m\"none\"\u001b[39m\n              \u001b[33mheight\u001b[39m=\u001b[32m\"24\"\u001b[39m\n              \u001b[33mstroke\u001b[39m=\u001b[32m\"currentColor\"\u001b[39m\n              \u001b[33mstroke-linecap\u001b[39m=\u001b[32m\"round\"\u001b[39m\n              \u001b[33mstroke-linejoin\u001b[39m=\u001b[32m\"round\"\u001b[39m\n              \u001b[33mstroke-width\u001b[39m=\u001b[32m\"2\"\u001b[39m\n              \u001b[33mviewBox\u001b[39m=\u001b[32m\"0 0 24 24\"\u001b[39m\n              \u001b[33mwidth\u001b[39m=\u001b[32m\"24\"\u001b[39m\n              \u001b[33mxmlns\u001b[39m=\u001b[32m\"http://www.w3.org/2000/svg\"\u001b[39m\n            \u001b[36m>\u001b[39m\n              \u001b[36m<path\u001b[39m\n                \u001b[33md\u001b[39m=\u001b[32m\"m12 19-7-7 7-7\"\u001b[39m\n              \u001b[36m/>\u001b[39m\n              \u001b[36m<path\u001b[39m\n                \u001b[33md\u001b[39m=\u001b[32m\"M19 12H5\"\u001b[39m\n              \u001b[36m/>\u001b[39m\n            \u001b[36m</svg>\u001b[39m\n            \u001b[36m<span>\u001b[39m\n              \u001b[0mBack to \u001b[0m\n              \u001b[0mGenerate\u001b[0m\n            \u001b[36m</span>\u001b[39m\n          \u001b[36m</button>\u001b[39m\n          \u001b[36m<h1\u001b[39m\n            \u001b[33maria-label\u001b[39m=\u001b[32m\"Order Your 3D Print\"\u001b[39m\n            \u001b[33mclass\u001b[39m=\u001b[32m\"text-4xl font-bold text-gray-900 mb-4\"\u001b[39m\n          \u001b[36m>\u001b[39m\n            \u001b[0mOrder Your 3D Print\u001b[0m\n          \u001b[36m</h1>\u001b[39m\n          \u001b[36m<div\u001b[39m\n            \u001b[33mclass\u001b[39m=\u001b[32m\"flex items-center space-x-4 mb-8\"\u001b[39m\n          \u001b[36m>\u001b[39m\n            \u001b[36m<div\u001b[39m\n              \u001b[33mclass\u001b[39m=\u001b[32m\"flex items-center\"\u001b[39m\n            \u001b[36m>\u001b[39m\n              \u001b[36m<div\u001b[39m\n                \u001b[33mclass\u001b[39m=\u001b[32m\"w-8 h-8 rounded-full flex items-center justify-center text-sm font-medium bg-purple-600 text-white\"\u001b[39m\n              \u001b[36m>\u001b[39m\n                \u001b[0m1\u001b[0m\n              \u001b[36m</div>\u001b[39m\n              \u001b[36m<span\u001b[39m\n                \u001b[33mclass\u001b[39m=\u001b[32m\"ml-2 text-sm font-medium text-gray-700\"\u001b[39m\n              \u001b[36m>\u001b[39m\n                \u001b[0mMaterial & Options\u001b[0m\n              \u001b[36m</span>\u001b[39m\n              \u001b[36m<div\u001b[39m\n                \u001b[33mclass\u001b[39m=\u001b[32m\"w-8 h-px bg-gray-300 mx-4\"\u001b[39m\n              \u001b[36m/>\u001b[39m\n            \u001b[36m</div>\u001b[39m\n            \u001b[36m<div\u001b[39m\n              \u001b[33mclass\u001b[39m=\u001b[32m\"flex items-center\"\u001b[39m\n            \u001b[36m>\u001b[39m\n              \u001b[36m<div\u001b[39m\n                \u001b[33mclass\u001b[39m=\u001b[32m\"w-8 h-8 rounded-full flex items-center justify-center text-sm font-medium bg-gray-200 text-gray-600\"\u001b[39m\n              \u001b[36m>\u001b[39m\n                \u001b[0m2\u001b[0m\n              \u001b[36m</div>\u001b[39m\n              \u001b[36m<span\u001b[39m\n                \u001b[33mclass\u001b[39m=\u001b[32m\"ml-2 text-sm font-medium text-gray-700\"\u001b[39m\n              \u001b[36m>\u001b[39m\n                \u001b[0mVendor Selection\u001b[0m\n              \u001b[36m</span>\u001b[39m\n              \u001b[36m<div\u001b[39m\n                \u001b[33mclass\u001b[39m=\u001b[32m\"w-8 h-px bg-gray-300 mx-4\"\u001b[39m\n              \u001b[36m/>\u001b[39m\n            \u001b[36m</div>\u001b[39m\n            \u001b[36m<div\u001b[39m\n              \u001b[33mclass\u001b[39m=\u001b[32m\"flex items-center\"\u001b[39m\n            \u001b[36m>\u001b[39m\n              \u001b[36m<div\u001b[39m\n                \u001b[33mclass\u001b[39m=\u001b[32m\"w-8 h-8 rounded-full flex items-center justify-center text-sm font-medium bg-gray-200 text-gray-600\"\u001b[39m\n              \u001b[36m>\u001b[39m\n                \u001b[0m3\u001b[0m\n              \u001b[36m</div>\u001b[39m\n              \u001b[36m<span\u001b[39m\n                \u001b[33mclass\u001b[39m=\u001b[32m\"ml-2 text-sm font-medium text-gray-700\"\u001b[39m\n              \u001b[36m>\u001b[39m\n                \u001b[0mShipping Info\u001b[0m\n              \u001b[36m</span>\u001b[39m\n              \u001b[36m<div\u001b[39m\n                \u001b[33mclass\u001b[39m=\u001b[32m\"w-8 h-px bg-gray-300 mx-4\"\u001b[39m\n              \u001b[36m/>\u001b[39m\n            \u001b[36m</div>\u001b[39m\n            \u001b[36m<div\u001b[39m\n              \u001b[33mclass\u001b[39m=\u001b[32m\"flex items-center\"\u001b[39m\n            \u001b[36m>\u001b[39m\n              \u001b[36m<div\u001b[39m\n                \u001b[33mclass\u001b[39m=\u001b[32m\"w-8 h-8 rounded-full flex items-center justify-center text-sm font-medium bg-gray-200 text-gray-600\"\u001b[39m\n              \u001b[36m>\u001b[39m\n                \u001b[0m4\u001b[0m\n              \u001b[36m</div>\u001b[39m\n              \u001b[36m<span\u001b[39m\n                \u001b[33mclass\u001b[39m=\u001b[32m\"ml-2 text-sm font-medium text-gray-700\"\u001b[39m\n              \u001b[36m>\u001b[39m\n                \u001b[0mPayment\u001b[0m\n              \u001b[36m</span>\u001b[39m\n            \u001b[36m</div>\u001b[39m\n          \u001b[36m</div>\u001b[39m\n        \u001b[36m</div>\u001b[39m\n        \u001b[36m<div\u001b[39m\n          \u001b[33mclass\u001b[39m=\u001b[32m\"grid grid-cols-1 lg:grid-cols-3 gap-8\"\u001b[39m\n        \u001b[36m>\u001b[39m\n          \u001b[36m<div\u001b[39m\n            \u001b[33mclass\u001b[39m=\u001b[32m\"lg:col-span-2\"\u001b[39m\n          \u001b[36m>\u001b[39m\n            \u001b[36m<div\u001b[39m\n              \u001b[33mclass\u001b[39m=\u001b[32m\"bg-white rounded-xl shadow-sm border border-gray-200  p-6\"\u001b[39m\n            \u001b[36m>\u001b[39m\n              \u001b[36m<h3\u001b[39m\n                \u001b[33maria-label\u001b[39m=\u001b[32m\"Material & Options\"\u001b[39m\n                \u001b[33mclass\u001b[39m=\u001b[32m\"text-lg font-semibold text-gray-900 mb-6\"\u001b[39m\n              \u001b[36m>\u001b[39m\n                \u001b[0mMaterial & Options\u001b[0m\n              \u001b[36m</h3>\u001b[39m\n              \u001b[36m<div\u001b[39m\n                \u001b[33mclass\u001b[39m=\u001b[32m\"space-y-6\"\u001b[39m\n              \u001b[36m>\u001b[39m\n                \u001b[36m<div>\u001b[39m\n                  \u001b[36m<label\u001b[39m\n                    \u001b[33maria-label\u001b[39m=\u001b[32m\"Select Material\"\u001b[39m\n                    \u001b[33mclass\u001b[39m=\u001b[32m\"block text-sm font-medium text-gray-700 mb-3\"\u001b[39m\n                  \u001b[36m>\u001b[39m\n                    \u001b[0mSelect Material\u001b[0m\n                  \u001b[36m</label>\u001b[39m\n                  \u001b[36m<div\u001b[39m\n                    \u001b[33mclass\u001b[39m=\u001b[32m\"grid grid-cols-1 md:grid-cols-2 gap-4\"\u001b[39m\n                  \u001b[36m>\u001b[39m\n                    \u001b[36m<div\u001b[39m\n                      \u001b[33mclass\u001b[39m=\u001b[32m\"p-4 border-2 rounded-lg cursor-pointer transition-all border-purple-500 bg-purple-50\"\u001b[39m\n                    \u001b[36m>\u001b[39m\n                      \u001b[36m<div\u001b[39m\n                        \u001b[33mclass\u001b[39m=\u001b[32m\"flex justify-between items-start mb-2\"\u001b[39m\n                      \u001b[36m>\u001b[39m\n                        \u001b[36m<h4\u001b[39m\n                          \u001b[33mclass\u001b[39m=\u001b[32m\"font-medium text-gray-900\"\u001b[39m\n                        \u001b[36m>\u001b[39m\n                          \u001b[0mPLA Plastic\u001b[0m\n                        \u001b[36m</h4>\u001b[39m\n                        \u001b[36m<span\u001b[39m\n                          \u001b[33mclass\u001b[39m=\u001b[32m\"text-lg font-bold text-purple-600\"\u001b[39m\n                        \u001b[36m>\u001b[39m\n                          \u001b[0m$\u001b[0m\n                          \u001b[0m24.99\u001b[0m\n                        \u001b[36m</span>\u001b[39m\n                      \u001b[36m</div>\u001b[39m\n                      \u001b[36m<p\u001b[39m\n                        \u001b[33mclass\u001b[39m=\u001b[32m..."],"location":{"line":37,"column":19}}],"startTime":1755155454227,"endTime":1755155454921,"status":"failed","message":"","name":"C:/ShapeMInt/frontend/src/pages/Order.test.tsx"}]}